{"/home/logan/dev/koa-sleep/backend/src/app.ts": {"path":"/home/logan/dev/koa-sleep/backend/src/app.ts","statementMap":{"0":{"start":{"line":1,"column":0},"end":{"line":1,"column":25}},"1":{"start":{"line":2,"column":0},"end":{"line":2,"column":30}},"2":{"start":{"line":3,"column":0},"end":{"line":3,"column":24}},"3":{"start":{"line":4,"column":0},"end":{"line":4,"column":43}},"4":{"start":{"line":5,"column":0},"end":{"line":5,"column":44}},"5":{"start":{"line":6,"column":0},"end":{"line":6,"column":44}},"6":{"start":{"line":7,"column":0},"end":{"line":7,"column":46}},"7":{"start":{"line":8,"column":0},"end":{"line":8,"column":41}},"8":{"start":{"line":9,"column":0},"end":{"line":9,"column":44}},"9":{"start":{"line":11,"column":12},"end":{"line":11,"column":21}},"10":{"start":{"line":13,"column":0},"end":{"line":13,"column":24}},"11":{"start":{"line":14,"column":0},"end":{"line":14,"column":24}},"12":{"start":{"line":15,"column":0},"end":{"line":15,"column":16}},"13":{"start":{"line":17,"column":0},"end":{"line":17,"column":33}},"14":{"start":{"line":18,"column":0},"end":{"line":18,"column":33}},"15":{"start":{"line":19,"column":0},"end":{"line":19,"column":33}},"16":{"start":{"line":20,"column":0},"end":{"line":20,"column":68}},"17":{"start":{"line":22,"column":0},"end":{"line":22,"column":19}}},"fnMap":{},"branchMap":{},"s":{"0":1,"1":1,"2":1,"3":1,"4":1,"5":1,"6":1,"7":1,"8":1,"9":1,"10":1,"11":1,"12":1,"13":1,"14":1,"15":1,"16":1,"17":1},"f":{},"b":{}}
,"/home/logan/dev/koa-sleep/backend/src/config/config.ts": {"path":"/home/logan/dev/koa-sleep/backend/src/config/config.ts","statementMap":{"0":{"start":{"line":1,"column":0},"end":{"line":1,"column":28}},"1":{"start":{"line":2,"column":0},"end":{"line":2,"column":24}},"2":{"start":{"line":4,"column":0},"end":{"line":4,"column":63}},"3":{"start":{"line":6,"column":24},"end":{"line":17,"column":11}},"4":{"start":{"line":22,"column":18},"end":{"line":22,"column":68}},"5":{"start":{"line":22,"column":50},"end":{"line":22,"column":67}},"6":{"start":{"line":24,"column":2},"end":{"line":28,"column":3}},"7":{"start":{"line":25,"column":4},"end":{"line":27,"column":6}},"8":{"start":{"line":30,"column":2},"end":{"line":32,"column":3}},"9":{"start":{"line":31,"column":4},"end":{"line":31,"column":72}},"10":{"start":{"line":34,"column":2},"end":{"line":36,"column":15}},"11":{"start":{"line":35,"column":33},"end":{"line":35,"column":57}},"12":{"start":{"line":39,"column":13},"end":{"line":39,"column":36}}},"fnMap":{"0":{"name":"validateEnv","decl":{"start":{"line":21,"column":9},"end":{"line":21,"column":20}},"loc":{"start":{"line":21,"column":20},"end":{"line":37,"column":1}}},"1":{"name":"(anonymous_2)","decl":{"start":{"line":22,"column":41},"end":{"line":22,"column":42}},"loc":{"start":{"line":22,"column":50},"end":{"line":22,"column":67}}},"2":{"name":"(anonymous_3)","decl":{"start":{"line":35,"column":24},"end":{"line":35,"column":25}},"loc":{"start":{"line":35,"column":33},"end":{"line":35,"column":57}}}},"branchMap":{"0":{"loc":{"start":{"line":24,"column":2},"end":{"line":28,"column":3}},"type":"if","locations":[{"start":{"line":24,"column":2},"end":{"line":28,"column":3}},{"start":{},"end":{}}]},"1":{"loc":{"start":{"line":30,"column":2},"end":{"line":32,"column":3}},"type":"if","locations":[{"start":{"line":30,"column":2},"end":{"line":32,"column":3}},{"start":{},"end":{}}]}},"s":{"0":3,"1":3,"2":3,"3":3,"4":3,"5":30,"6":3,"7":0,"8":3,"9":0,"10":3,"11":30,"12":3},"f":{"0":3,"1":30,"2":30},"b":{"0":[0,3],"1":[0,3]}}
,"/home/logan/dev/koa-sleep/backend/src/config/swagger.ts": {"path":"/home/logan/dev/koa-sleep/backend/src/config/swagger.ts","statementMap":{"0":{"start":{"line":1,"column":0},"end":{"line":1,"column":41}},"1":{"start":{"line":3,"column":38},"end":{"line":238,"column":2}},"2":{"start":{"line":240,"column":13},"end":{"line":240,"column":49}}},"fnMap":{},"branchMap":{},"s":{"0":1,"1":1,"2":1},"f":{},"b":{}}
,"/home/logan/dev/koa-sleep/backend/src/controllers/authController.ts": {"path":"/home/logan/dev/koa-sleep/backend/src/controllers/authController.ts","statementMap":{"0":{"start":{"line":2,"column":0},"end":{"line":2,"column":31}},"1":{"start":{"line":3,"column":0},"end":{"line":3,"column":52}},"2":{"start":{"line":4,"column":0},"end":{"line":4,"column":56}},"3":{"start":{"line":5,"column":0},"end":{"line":5,"column":53}},"4":{"start":{"line":7,"column":23},"end":{"line":13,"column":2}},"5":{"start":{"line":15,"column":13},"end":{"line":95,"column":2}},"6":{"start":{"line":17,"column":4},"end":{"line":26,"column":5}},"7":{"start":{"line":18,"column":39},"end":{"line":18,"column":74}},"8":{"start":{"line":20,"column":6},"end":{"line":20,"column":64}},"9":{"start":{"line":21,"column":6},"end":{"line":21,"column":69}},"10":{"start":{"line":22,"column":6},"end":{"line":22,"column":24}},"11":{"start":{"line":24,"column":6},"end":{"line":24,"column":55}},"12":{"start":{"line":25,"column":6},"end":{"line":25,"column":52}},"13":{"start":{"line":30,"column":35},"end":{"line":30,"column":44}},"14":{"start":{"line":32,"column":4},"end":{"line":35,"column":5}},"15":{"start":{"line":33,"column":6},"end":{"line":33,"column":48}},"16":{"start":{"line":34,"column":6},"end":{"line":34,"column":58}},"17":{"start":{"line":37,"column":4},"end":{"line":44,"column":5}},"18":{"start":{"line":43,"column":6},"end":{"line":43,"column":73}},"19":{"start":{"line":46,"column":24},"end":{"line":46,"column":50}},"20":{"start":{"line":47,"column":27},"end":{"line":47,"column":55}},"21":{"start":{"line":49,"column":4},"end":{"line":53,"column":5}},"22":{"start":{"line":50,"column":6},"end":{"line":52,"column":71}},"23":{"start":{"line":55,"column":4},"end":{"line":93,"column":5}},"24":{"start":{"line":56,"column":29},"end":{"line":56,"column":49}},"25":{"start":{"line":57,"column":27},"end":{"line":57,"column":50}},"26":{"start":{"line":59,"column":6},"end":{"line":62,"column":7}},"27":{"start":{"line":60,"column":8},"end":{"line":60,"column":63}},"28":{"start":{"line":61,"column":8},"end":{"line":61,"column":71}},"29":{"start":{"line":64,"column":21},"end":{"line":66,"column":null}},"30":{"start":{"line":69,"column":19},"end":{"line":69,"column":67}},"31":{"start":{"line":71,"column":23},"end":{"line":73,"column":8}},"32":{"start":{"line":75,"column":6},"end":{"line":75,"column":53}},"33":{"start":{"line":76,"column":6},"end":{"line":76,"column":55}},"34":{"start":{"line":78,"column":6},"end":{"line":84,"column":9}},"35":{"start":{"line":86,"column":6},"end":{"line":86,"column":55}},"36":{"start":{"line":88,"column":6},"end":{"line":91,"column":8}},"37":{"start":{"line":92,"column":6},"end":{"line":92,"column":51}}},"fnMap":{"0":{"name":"(anonymous_1)","decl":{"start":{"line":16,"column":28},"end":{"line":16,"column":33}},"loc":{"start":{"line":16,"column":64},"end":{"line":27,"column":3}}},"1":{"name":"(anonymous_2)","decl":{"start":{"line":29,"column":24},"end":{"line":29,"column":29}},"loc":{"start":{"line":29,"column":62},"end":{"line":94,"column":3}}}},"branchMap":{"0":{"loc":{"start":{"line":32,"column":4},"end":{"line":35,"column":5}},"type":"if","locations":[{"start":{"line":32,"column":4},"end":{"line":35,"column":5}},{"start":{},"end":{}}]},"1":{"loc":{"start":{"line":37,"column":4},"end":{"line":44,"column":5}},"type":"if","locations":[{"start":{"line":37,"column":4},"end":{"line":44,"column":5}},{"start":{},"end":{}}]},"2":{"loc":{"start":{"line":38,"column":6},"end":{"line":41,"column":31}},"type":"binary-expr","locations":[{"start":{"line":38,"column":6},"end":{"line":38,"column":11}},{"start":{"line":39,"column":6},"end":{"line":39,"column":30}},{"start":{"line":40,"column":6},"end":{"line":40,"column":12}},{"start":{"line":41,"column":6},"end":{"line":41,"column":31}}]},"3":{"loc":{"start":{"line":49,"column":4},"end":{"line":53,"column":5}},"type":"if","locations":[{"start":{"line":49,"column":4},"end":{"line":53,"column":5}},{"start":{},"end":{}}]},"4":{"loc":{"start":{"line":49,"column":8},"end":{"line":49,"column":39}},"type":"binary-expr","locations":[{"start":{"line":49,"column":8},"end":{"line":49,"column":20}},{"start":{"line":49,"column":24},"end":{"line":49,"column":39}}]},"5":{"loc":{"start":{"line":59,"column":6},"end":{"line":62,"column":7}},"type":"if","locations":[{"start":{"line":59,"column":6},"end":{"line":62,"column":7}},{"start":{},"end":{}}]},"6":{"loc":{"start":{"line":90,"column":8},"end":{"line":90,"column":64}},"type":"cond-expr","locations":[{"start":{"line":90,"column":33},"end":{"line":90,"column":46}},{"start":{"line":90,"column":49},"end":{"line":90,"column":64}}]}},"s":{"0":1,"1":1,"2":1,"3":1,"4":1,"5":1,"6":0,"7":0,"8":0,"9":0,"10":0,"11":0,"12":0,"13":0,"14":0,"15":0,"16":0,"17":0,"18":0,"19":0,"20":0,"21":0,"22":0,"23":0,"24":0,"25":0,"26":0,"27":0,"28":0,"29":0,"30":0,"31":0,"32":0,"33":0,"34":0,"35":0,"36":0,"37":0},"f":{"0":0,"1":0},"b":{"0":[0,0],"1":[0,0],"2":[0,0,0,0],"3":[0,0],"4":[0,0],"5":[0,0],"6":[0,0]}}
,"/home/logan/dev/koa-sleep/backend/src/controllers/demoController.ts": {"path":"/home/logan/dev/koa-sleep/backend/src/controllers/demoController.ts","statementMap":{"0":{"start":{"line":1,"column":0},"end":{"line":1,"column":52}},"1":{"start":{"line":3,"column":0},"end":{"line":3,"column":31}},"2":{"start":{"line":5,"column":13},"end":{"line":47,"column":2}},"3":{"start":{"line":7,"column":4},"end":{"line":31,"column":5}},"4":{"start":{"line":8,"column":19},"end":{"line":8,"column":63}},"5":{"start":{"line":9,"column":6},"end":{"line":14,"column":7}},"6":{"start":{"line":10,"column":8},"end":{"line":12,"column":78}},"7":{"start":{"line":13,"column":8},"end":{"line":13,"column":15}},"8":{"start":{"line":17,"column":20},"end":{"line":19,"column":8}},"9":{"start":{"line":21,"column":6},"end":{"line":25,"column":9}},"10":{"start":{"line":27,"column":6},"end":{"line":27,"column":28}},"11":{"start":{"line":29,"column":6},"end":{"line":29,"column":51}},"12":{"start":{"line":30,"column":6},"end":{"line":30,"column":65}},"13":{"start":{"line":34,"column":4},"end":{"line":45,"column":5}},"14":{"start":{"line":35,"column":6},"end":{"line":39,"column":9}},"15":{"start":{"line":41,"column":6},"end":{"line":41,"column":24}},"16":{"start":{"line":43,"column":6},"end":{"line":43,"column":52}},"17":{"start":{"line":44,"column":6},"end":{"line":44,"column":65}}},"fnMap":{"0":{"name":"(anonymous_1)","decl":{"start":{"line":6,"column":9},"end":{"line":6,"column":14}},"loc":{"start":{"line":6,"column":63},"end":{"line":32,"column":3}}},"1":{"name":"(anonymous_2)","decl":{"start":{"line":33,"column":10},"end":{"line":33,"column":15}},"loc":{"start":{"line":33,"column":64},"end":{"line":46,"column":3}}}},"branchMap":{"0":{"loc":{"start":{"line":9,"column":6},"end":{"line":14,"column":7}},"type":"if","locations":[{"start":{"line":9,"column":6},"end":{"line":14,"column":7}},{"start":{},"end":{}}]}},"s":{"0":2,"1":2,"2":2,"3":3,"4":3,"5":3,"6":1,"7":1,"8":2,"9":2,"10":2,"11":0,"12":0,"13":0,"14":0,"15":0,"16":0,"17":0},"f":{"0":3,"1":0},"b":{"0":[1,2]}}
,"/home/logan/dev/koa-sleep/backend/src/controllers/sleepController.ts": {"path":"/home/logan/dev/koa-sleep/backend/src/controllers/sleepController.ts","statementMap":{"0":{"start":{"line":2,"column":0},"end":{"line":2,"column":54}},"1":{"start":{"line":3,"column":0},"end":{"line":3,"column":null}},"2":{"start":{"line":9,"column":0},"end":{"line":9,"column":52}},"3":{"start":{"line":13,"column":13},"end":{"line":345,"column":2}},"4":{"start":{"line":15,"column":4},"end":{"line":59,"column":5}},"5":{"start":{"line":16,"column":25},"end":{"line":16,"column":35}},"6":{"start":{"line":18,"column":6},"end":{"line":27,"column":7}},"7":{"start":{"line":19,"column":8},"end":{"line":25,"column":11}},"8":{"start":{"line":26,"column":8},"end":{"line":26,"column":15}},"9":{"start":{"line":29,"column":39},"end":{"line":30,"column":null}},"10":{"start":{"line":33,"column":6},"end":{"line":42,"column":7}},"11":{"start":{"line":34,"column":8},"end":{"line":40,"column":11}},"12":{"start":{"line":41,"column":8},"end":{"line":41,"column":15}},"13":{"start":{"line":44,"column":6},"end":{"line":47,"column":9}},"14":{"start":{"line":48,"column":6},"end":{"line":48,"column":13}},"15":{"start":{"line":50,"column":6},"end":{"line":50,"column":73}},"16":{"start":{"line":51,"column":6},"end":{"line":57,"column":9}},"17":{"start":{"line":58,"column":6},"end":{"line":58,"column":13}},"18":{"start":{"line":62,"column":4},"end":{"line":107,"column":5}},"19":{"start":{"line":63,"column":30},"end":{"line":63,"column":47}},"20":{"start":{"line":65,"column":6},"end":{"line":75,"column":7}},"21":{"start":{"line":66,"column":8},"end":{"line":73,"column":11}},"22":{"start":{"line":74,"column":8},"end":{"line":74,"column":15}},"23":{"start":{"line":77,"column":24},"end":{"line":78,"column":null}},"24":{"start":{"line":81,"column":6},"end":{"line":90,"column":7}},"25":{"start":{"line":82,"column":8},"end":{"line":88,"column":11}},"26":{"start":{"line":89,"column":8},"end":{"line":89,"column":15}},"27":{"start":{"line":92,"column":6},"end":{"line":95,"column":9}},"28":{"start":{"line":96,"column":6},"end":{"line":96,"column":13}},"29":{"start":{"line":98,"column":6},"end":{"line":98,"column":69}},"30":{"start":{"line":99,"column":6},"end":{"line":105,"column":9}},"31":{"start":{"line":106,"column":6},"end":{"line":106,"column":13}},"32":{"start":{"line":111,"column":4},"end":{"line":156,"column":5}},"33":{"start":{"line":112,"column":31},"end":{"line":112,"column":41}},"34":{"start":{"line":114,"column":6},"end":{"line":123,"column":7}},"35":{"start":{"line":115,"column":8},"end":{"line":121,"column":11}},"36":{"start":{"line":122,"column":8},"end":{"line":122,"column":15}},"37":{"start":{"line":125,"column":42},"end":{"line":127,"column":null}},"38":{"start":{"line":130,"column":6},"end":{"line":139,"column":7}},"39":{"start":{"line":131,"column":8},"end":{"line":137,"column":11}},"40":{"start":{"line":138,"column":8},"end":{"line":138,"column":15}},"41":{"start":{"line":141,"column":6},"end":{"line":144,"column":9}},"42":{"start":{"line":145,"column":6},"end":{"line":145,"column":13}},"43":{"start":{"line":147,"column":6},"end":{"line":147,"column":70}},"44":{"start":{"line":148,"column":6},"end":{"line":154,"column":9}},"45":{"start":{"line":155,"column":6},"end":{"line":155,"column":13}},"46":{"start":{"line":160,"column":4},"end":{"line":201,"column":5}},"47":{"start":{"line":161,"column":25},"end":{"line":161,"column":35}},"48":{"start":{"line":162,"column":6},"end":{"line":171,"column":7}},"49":{"start":{"line":163,"column":8},"end":{"line":169,"column":11}},"50":{"start":{"line":170,"column":8},"end":{"line":170,"column":15}},"51":{"start":{"line":173,"column":23},"end":{"line":173,"column":71}},"52":{"start":{"line":175,"column":6},"end":{"line":184,"column":7}},"53":{"start":{"line":176,"column":8},"end":{"line":182,"column":11}},"54":{"start":{"line":183,"column":8},"end":{"line":183,"column":15}},"55":{"start":{"line":186,"column":6},"end":{"line":189,"column":9}},"56":{"start":{"line":190,"column":6},"end":{"line":190,"column":13}},"57":{"start":{"line":192,"column":6},"end":{"line":192,"column":74}},"58":{"start":{"line":193,"column":6},"end":{"line":199,"column":9}},"59":{"start":{"line":200,"column":6},"end":{"line":200,"column":13}},"60":{"start":{"line":204,"column":4},"end":{"line":247,"column":5}},"61":{"start":{"line":205,"column":31},"end":{"line":205,"column":41}},"62":{"start":{"line":207,"column":6},"end":{"line":216,"column":7}},"63":{"start":{"line":208,"column":8},"end":{"line":214,"column":11}},"64":{"start":{"line":215,"column":8},"end":{"line":215,"column":15}},"65":{"start":{"line":219,"column":8},"end":{"line":219,"column":71}},"66":{"start":{"line":221,"column":6},"end":{"line":230,"column":7}},"67":{"start":{"line":222,"column":8},"end":{"line":228,"column":11}},"68":{"start":{"line":229,"column":8},"end":{"line":229,"column":15}},"69":{"start":{"line":232,"column":6},"end":{"line":235,"column":9}},"70":{"start":{"line":236,"column":6},"end":{"line":236,"column":13}},"71":{"start":{"line":238,"column":6},"end":{"line":238,"column":73}},"72":{"start":{"line":239,"column":6},"end":{"line":245,"column":9}},"73":{"start":{"line":246,"column":6},"end":{"line":246,"column":13}},"74":{"start":{"line":250,"column":4},"end":{"line":295,"column":5}},"75":{"start":{"line":251,"column":48},"end":{"line":251,"column":58}},"76":{"start":{"line":253,"column":6},"end":{"line":262,"column":7}},"77":{"start":{"line":254,"column":8},"end":{"line":260,"column":11}},"78":{"start":{"line":261,"column":8},"end":{"line":261,"column":15}},"79":{"start":{"line":264,"column":26},"end":{"line":266,"column":null}},"80":{"start":{"line":269,"column":6},"end":{"line":278,"column":7}},"81":{"start":{"line":270,"column":8},"end":{"line":276,"column":11}},"82":{"start":{"line":277,"column":8},"end":{"line":277,"column":15}},"83":{"start":{"line":280,"column":6},"end":{"line":283,"column":9}},"84":{"start":{"line":284,"column":6},"end":{"line":284,"column":13}},"85":{"start":{"line":286,"column":6},"end":{"line":286,"column":73}},"86":{"start":{"line":287,"column":6},"end":{"line":293,"column":9}},"87":{"start":{"line":294,"column":6},"end":{"line":294,"column":13}},"88":{"start":{"line":298,"column":4},"end":{"line":343,"column":5}},"89":{"start":{"line":299,"column":48},"end":{"line":299,"column":58}},"90":{"start":{"line":301,"column":6},"end":{"line":310,"column":7}},"91":{"start":{"line":302,"column":8},"end":{"line":308,"column":11}},"92":{"start":{"line":309,"column":8},"end":{"line":309,"column":15}},"93":{"start":{"line":312,"column":28},"end":{"line":314,"column":null}},"94":{"start":{"line":317,"column":6},"end":{"line":326,"column":7}},"95":{"start":{"line":318,"column":8},"end":{"line":324,"column":11}},"96":{"start":{"line":325,"column":8},"end":{"line":325,"column":15}},"97":{"start":{"line":328,"column":6},"end":{"line":331,"column":9}},"98":{"start":{"line":332,"column":6},"end":{"line":332,"column":13}},"99":{"start":{"line":334,"column":6},"end":{"line":334,"column":74}},"100":{"start":{"line":335,"column":6},"end":{"line":341,"column":9}},"101":{"start":{"line":342,"column":6},"end":{"line":342,"column":13}}},"fnMap":{"0":{"name":"(anonymous_0)","decl":{"start":{"line":14,"column":15},"end":{"line":14,"column":20}},"loc":{"start":{"line":14,"column":53},"end":{"line":60,"column":3}}},"1":{"name":"(anonymous_1)","decl":{"start":{"line":61,"column":24},"end":{"line":61,"column":29}},"loc":{"start":{"line":61,"column":77},"end":{"line":108,"column":3}}},"2":{"name":"(anonymous_2)","decl":{"start":{"line":110,"column":21},"end":{"line":110,"column":26}},"loc":{"start":{"line":110,"column":74},"end":{"line":157,"column":3}}},"3":{"name":"(anonymous_3)","decl":{"start":{"line":159,"column":25},"end":{"line":159,"column":30}},"loc":{"start":{"line":159,"column":78},"end":{"line":202,"column":3}}},"4":{"name":"(anonymous_4)","decl":{"start":{"line":203,"column":24},"end":{"line":203,"column":29}},"loc":{"start":{"line":203,"column":62},"end":{"line":248,"column":3}}},"5":{"name":"(anonymous_5)","decl":{"start":{"line":249,"column":25},"end":{"line":249,"column":30}},"loc":{"start":{"line":249,"column":63},"end":{"line":296,"column":3}}},"6":{"name":"(anonymous_6)","decl":{"start":{"line":297,"column":25},"end":{"line":297,"column":30}},"loc":{"start":{"line":297,"column":63},"end":{"line":344,"column":3}}}},"branchMap":{"0":{"loc":{"start":{"line":18,"column":6},"end":{"line":27,"column":7}},"type":"if","locations":[{"start":{"line":18,"column":6},"end":{"line":27,"column":7}},{"start":{},"end":{}}]},"1":{"loc":{"start":{"line":33,"column":6},"end":{"line":42,"column":7}},"type":"if","locations":[{"start":{"line":33,"column":6},"end":{"line":42,"column":7}},{"start":{},"end":{}}]},"2":{"loc":{"start":{"line":65,"column":6},"end":{"line":75,"column":7}},"type":"if","locations":[{"start":{"line":65,"column":6},"end":{"line":75,"column":7}},{"start":{},"end":{}}]},"3":{"loc":{"start":{"line":65,"column":10},"end":{"line":65,"column":65}},"type":"binary-expr","locations":[{"start":{"line":65,"column":10},"end":{"line":65,"column":26}},{"start":{"line":65,"column":30},"end":{"line":65,"column":65}}]},"4":{"loc":{"start":{"line":81,"column":6},"end":{"line":90,"column":7}},"type":"if","locations":[{"start":{"line":81,"column":6},"end":{"line":90,"column":7}},{"start":{},"end":{}}]},"5":{"loc":{"start":{"line":114,"column":6},"end":{"line":123,"column":7}},"type":"if","locations":[{"start":{"line":114,"column":6},"end":{"line":123,"column":7}},{"start":{},"end":{}}]},"6":{"loc":{"start":{"line":114,"column":10},"end":{"line":114,"column":26}},"type":"binary-expr","locations":[{"start":{"line":114,"column":10},"end":{"line":114,"column":17}},{"start":{"line":114,"column":21},"end":{"line":114,"column":26}}]},"7":{"loc":{"start":{"line":130,"column":6},"end":{"line":139,"column":7}},"type":"if","locations":[{"start":{"line":130,"column":6},"end":{"line":139,"column":7}},{"start":{},"end":{}}]},"8":{"loc":{"start":{"line":162,"column":6},"end":{"line":171,"column":7}},"type":"if","locations":[{"start":{"line":162,"column":6},"end":{"line":171,"column":7}},{"start":{},"end":{}}]},"9":{"loc":{"start":{"line":175,"column":6},"end":{"line":184,"column":7}},"type":"if","locations":[{"start":{"line":175,"column":6},"end":{"line":184,"column":7}},{"start":{},"end":{}}]},"10":{"loc":{"start":{"line":207,"column":6},"end":{"line":216,"column":7}},"type":"if","locations":[{"start":{"line":207,"column":6},"end":{"line":216,"column":7}},{"start":{},"end":{}}]},"11":{"loc":{"start":{"line":207,"column":10},"end":{"line":207,"column":26}},"type":"binary-expr","locations":[{"start":{"line":207,"column":10},"end":{"line":207,"column":17}},{"start":{"line":207,"column":21},"end":{"line":207,"column":26}}]},"12":{"loc":{"start":{"line":221,"column":6},"end":{"line":230,"column":7}},"type":"if","locations":[{"start":{"line":221,"column":6},"end":{"line":230,"column":7}},{"start":{},"end":{}}]},"13":{"loc":{"start":{"line":253,"column":6},"end":{"line":262,"column":7}},"type":"if","locations":[{"start":{"line":253,"column":6},"end":{"line":262,"column":7}},{"start":{},"end":{}}]},"14":{"loc":{"start":{"line":253,"column":10},"end":{"line":253,"column":35}},"type":"binary-expr","locations":[{"start":{"line":253,"column":10},"end":{"line":253,"column":26}},{"start":{"line":253,"column":30},"end":{"line":253,"column":35}}]},"15":{"loc":{"start":{"line":269,"column":6},"end":{"line":278,"column":7}},"type":"if","locations":[{"start":{"line":269,"column":6},"end":{"line":278,"column":7}},{"start":{},"end":{}}]},"16":{"loc":{"start":{"line":301,"column":6},"end":{"line":310,"column":7}},"type":"if","locations":[{"start":{"line":301,"column":6},"end":{"line":310,"column":7}},{"start":{},"end":{}}]},"17":{"loc":{"start":{"line":301,"column":10},"end":{"line":301,"column":35}},"type":"binary-expr","locations":[{"start":{"line":301,"column":10},"end":{"line":301,"column":26}},{"start":{"line":301,"column":30},"end":{"line":301,"column":35}}]},"18":{"loc":{"start":{"line":317,"column":6},"end":{"line":326,"column":7}},"type":"if","locations":[{"start":{"line":317,"column":6},"end":{"line":326,"column":7}},{"start":{},"end":{}}]}},"s":{"0":1,"1":1,"2":1,"3":1,"4":0,"5":0,"6":0,"7":0,"8":0,"9":0,"10":0,"11":0,"12":0,"13":0,"14":0,"15":0,"16":0,"17":0,"18":0,"19":0,"20":0,"21":0,"22":0,"23":0,"24":0,"25":0,"26":0,"27":0,"28":0,"29":0,"30":0,"31":0,"32":0,"33":0,"34":0,"35":0,"36":0,"37":0,"38":0,"39":0,"40":0,"41":0,"42":0,"43":0,"44":0,"45":0,"46":0,"47":0,"48":0,"49":0,"50":0,"51":0,"52":0,"53":0,"54":0,"55":0,"56":0,"57":0,"58":0,"59":0,"60":0,"61":0,"62":0,"63":0,"64":0,"65":0,"66":0,"67":0,"68":0,"69":0,"70":0,"71":0,"72":0,"73":0,"74":0,"75":0,"76":0,"77":0,"78":0,"79":0,"80":0,"81":0,"82":0,"83":0,"84":0,"85":0,"86":0,"87":0,"88":0,"89":0,"90":0,"91":0,"92":0,"93":0,"94":0,"95":0,"96":0,"97":0,"98":0,"99":0,"100":0,"101":0},"f":{"0":0,"1":0,"2":0,"3":0,"4":0,"5":0,"6":0},"b":{"0":[0,0],"1":[0,0],"2":[0,0],"3":[0,0],"4":[0,0],"5":[0,0],"6":[0,0],"7":[0,0],"8":[0,0],"9":[0,0],"10":[0,0],"11":[0,0],"12":[0,0],"13":[0,0],"14":[0,0],"15":[0,0],"16":[0,0],"17":[0,0],"18":[0,0]}}
,"/home/logan/dev/koa-sleep/backend/src/controllers/userController.ts": {"path":"/home/logan/dev/koa-sleep/backend/src/controllers/userController.ts","statementMap":{"0":{"start":{"line":2,"column":0},"end":{"line":2,"column":52}},"1":{"start":{"line":3,"column":0},"end":{"line":3,"column":43}},"2":{"start":{"line":7,"column":13},"end":{"line":89,"column":2}},"3":{"start":{"line":12,"column":4},"end":{"line":42,"column":5}},"4":{"start":{"line":13,"column":34},"end":{"line":13,"column":50}},"5":{"start":{"line":15,"column":25},"end":{"line":15,"column":75}},"6":{"start":{"line":17,"column":6},"end":{"line":26,"column":7}},"7":{"start":{"line":18,"column":8},"end":{"line":24,"column":11}},"8":{"start":{"line":25,"column":8},"end":{"line":25,"column":15}},"9":{"start":{"line":28,"column":6},"end":{"line":31,"column":9}},"10":{"start":{"line":33,"column":6},"end":{"line":33,"column":61}},"11":{"start":{"line":34,"column":6},"end":{"line":40,"column":9}},"12":{"start":{"line":41,"column":6},"end":{"line":41,"column":13}},"13":{"start":{"line":45,"column":4},"end":{"line":87,"column":5}},"14":{"start":{"line":46,"column":24},"end":{"line":46,"column":34}},"15":{"start":{"line":47,"column":6},"end":{"line":57,"column":7}},"16":{"start":{"line":48,"column":8},"end":{"line":55,"column":11}},"17":{"start":{"line":56,"column":8},"end":{"line":56,"column":15}},"18":{"start":{"line":59,"column":39},"end":{"line":59,"column":78}},"19":{"start":{"line":61,"column":6},"end":{"line":70,"column":7}},"20":{"start":{"line":62,"column":8},"end":{"line":68,"column":11}},"21":{"start":{"line":69,"column":8},"end":{"line":69,"column":15}},"22":{"start":{"line":72,"column":6},"end":{"line":75,"column":9}},"23":{"start":{"line":76,"column":6},"end":{"line":76,"column":13}},"24":{"start":{"line":78,"column":6},"end":{"line":78,"column":64}},"25":{"start":{"line":79,"column":6},"end":{"line":85,"column":9}},"26":{"start":{"line":86,"column":6},"end":{"line":86,"column":13}}},"fnMap":{"0":{"name":"(anonymous_0)","decl":{"start":{"line":8,"column":18},"end":{"line":8,"column":23}},"loc":{"start":{"line":11,"column":21},"end":{"line":43,"column":3}}},"1":{"name":"(anonymous_1)","decl":{"start":{"line":44,"column":18},"end":{"line":44,"column":23}},"loc":{"start":{"line":44,"column":71},"end":{"line":88,"column":3}}}},"branchMap":{"0":{"loc":{"start":{"line":17,"column":6},"end":{"line":26,"column":7}},"type":"if","locations":[{"start":{"line":17,"column":6},"end":{"line":26,"column":7}},{"start":{},"end":{}}]},"1":{"loc":{"start":{"line":47,"column":6},"end":{"line":57,"column":7}},"type":"if","locations":[{"start":{"line":47,"column":6},"end":{"line":57,"column":7}},{"start":{},"end":{}}]},"2":{"loc":{"start":{"line":47,"column":10},"end":{"line":47,"column":45}},"type":"binary-expr","locations":[{"start":{"line":47,"column":10},"end":{"line":47,"column":16}},{"start":{"line":47,"column":20},"end":{"line":47,"column":45}}]},"3":{"loc":{"start":{"line":61,"column":6},"end":{"line":70,"column":7}},"type":"if","locations":[{"start":{"line":61,"column":6},"end":{"line":70,"column":7}},{"start":{},"end":{}}]}},"s":{"0":1,"1":1,"2":1,"3":0,"4":0,"5":0,"6":0,"7":0,"8":0,"9":0,"10":0,"11":0,"12":0,"13":0,"14":0,"15":0,"16":0,"17":0,"18":0,"19":0,"20":0,"21":0,"22":0,"23":0,"24":0,"25":0,"26":0},"f":{"0":0,"1":0},"b":{"0":[0,0],"1":[0,0],"2":[0,0],"3":[0,0]}}
,"/home/logan/dev/koa-sleep/backend/src/controllers/wellnessController.ts": {"path":"/home/logan/dev/koa-sleep/backend/src/controllers/wellnessController.ts","statementMap":{"0":{"start":{"line":2,"column":0},"end":{"line":2,"column":60}},"1":{"start":{"line":3,"column":0},"end":{"line":3,"column":54}},"2":{"start":{"line":5,"column":13},"end":{"line":54,"column":2}},"3":{"start":{"line":10,"column":4},"end":{"line":52,"column":5}},"4":{"start":{"line":11,"column":31},"end":{"line":11,"column":41}},"5":{"start":{"line":12,"column":6},"end":{"line":21,"column":7}},"6":{"start":{"line":13,"column":8},"end":{"line":19,"column":11}},"7":{"start":{"line":20,"column":8},"end":{"line":20,"column":15}},"8":{"start":{"line":23,"column":22},"end":{"line":25,"column":null}},"9":{"start":{"line":28,"column":6},"end":{"line":37,"column":7}},"10":{"start":{"line":29,"column":8},"end":{"line":35,"column":11}},"11":{"start":{"line":36,"column":8},"end":{"line":36,"column":15}},"12":{"start":{"line":39,"column":6},"end":{"line":42,"column":9}},"13":{"start":{"line":44,"column":6},"end":{"line":44,"column":64}},"14":{"start":{"line":45,"column":6},"end":{"line":51,"column":9}}},"fnMap":{"0":{"name":"(anonymous_0)","decl":{"start":{"line":6,"column":28},"end":{"line":6,"column":33}},"loc":{"start":{"line":9,"column":21},"end":{"line":53,"column":3}}}},"branchMap":{"0":{"loc":{"start":{"line":12,"column":6},"end":{"line":21,"column":7}},"type":"if","locations":[{"start":{"line":12,"column":6},"end":{"line":21,"column":7}},{"start":{},"end":{}}]},"1":{"loc":{"start":{"line":12,"column":10},"end":{"line":12,"column":26}},"type":"binary-expr","locations":[{"start":{"line":12,"column":10},"end":{"line":12,"column":17}},{"start":{"line":12,"column":21},"end":{"line":12,"column":26}}]},"2":{"loc":{"start":{"line":28,"column":6},"end":{"line":37,"column":7}},"type":"if","locations":[{"start":{"line":28,"column":6},"end":{"line":37,"column":7}},{"start":{},"end":{}}]}},"s":{"0":1,"1":1,"2":1,"3":0,"4":0,"5":0,"6":0,"7":0,"8":0,"9":0,"10":0,"11":0,"12":0,"13":0,"14":0},"f":{"0":0},"b":{"0":[0,0],"1":[0,0],"2":[0,0]}}
,"/home/logan/dev/koa-sleep/backend/src/lib/prisma.ts": {"path":"/home/logan/dev/koa-sleep/backend/src/lib/prisma.ts","statementMap":{"0":{"start":{"line":1,"column":0},"end":{"line":1,"column":46}},"1":{"start":{"line":3,"column":15},"end":{"line":3,"column":33}},"2":{"start":{"line":5,"column":0},"end":{"line":5,"column":22}}},"fnMap":{},"branchMap":{},"s":{"0":3,"1":3,"2":3},"f":{},"b":{}}
,"/home/logan/dev/koa-sleep/backend/src/middleware/authMiddleware.ts": {"path":"/home/logan/dev/koa-sleep/backend/src/middleware/authMiddleware.ts","statementMap":{"0":{"start":{"line":2,"column":0},"end":{"line":2,"column":31}},"1":{"start":{"line":12,"column":33},"end":{"line":32,"column":1}},"2":{"start":{"line":17,"column":16},"end":{"line":17,"column":41}},"3":{"start":{"line":19,"column":2},"end":{"line":22,"column":3}},"4":{"start":{"line":20,"column":4},"end":{"line":20,"column":75}},"5":{"start":{"line":21,"column":4},"end":{"line":21,"column":11}},"6":{"start":{"line":24,"column":2},"end":{"line":31,"column":3}},"7":{"start":{"line":25,"column":20},"end":{"line":25,"column":78}},"8":{"start":{"line":26,"column":4},"end":{"line":26,"column":42}},"9":{"start":{"line":27,"column":4},"end":{"line":27,"column":11}},"10":{"start":{"line":29,"column":4},"end":{"line":29,"column":21}},"11":{"start":{"line":30,"column":4},"end":{"line":30,"column":55}},"12":{"start":{"line":12,"column":13},"end":{"line":12,"column":33}},"13":{"start":{"line":34,"column":32},"end":{"line":54,"column":1}},"14":{"start":{"line":39,"column":30},"end":{"line":39,"column":46}},"15":{"start":{"line":40,"column":26},"end":{"line":40,"column":43}},"16":{"start":{"line":42,"column":2},"end":{"line":51,"column":3}},"17":{"start":{"line":43,"column":4},"end":{"line":49,"column":7}},"18":{"start":{"line":50,"column":4},"end":{"line":50,"column":11}},"19":{"start":{"line":53,"column":2},"end":{"line":53,"column":9}},"20":{"start":{"line":34,"column":13},"end":{"line":34,"column":32}}},"fnMap":{"0":{"name":"(anonymous_1)","decl":{"start":{"line":12,"column":33},"end":{"line":12,"column":null}},"loc":{"start":{"line":16,"column":4},"end":{"line":32,"column":1}}},"1":{"name":"(anonymous_2)","decl":{"start":{"line":34,"column":32},"end":{"line":34,"column":null}},"loc":{"start":{"line":38,"column":4},"end":{"line":54,"column":1}}}},"branchMap":{"0":{"loc":{"start":{"line":19,"column":2},"end":{"line":22,"column":3}},"type":"if","locations":[{"start":{"line":19,"column":2},"end":{"line":22,"column":3}},{"start":{},"end":{}}]},"1":{"loc":{"start":{"line":42,"column":2},"end":{"line":51,"column":3}},"type":"if","locations":[{"start":{"line":42,"column":2},"end":{"line":51,"column":3}},{"start":{},"end":{}}]}},"s":{"0":1,"1":1,"2":0,"3":0,"4":0,"5":0,"6":0,"7":0,"8":0,"9":0,"10":0,"11":0,"12":1,"13":1,"14":0,"15":0,"16":0,"17":0,"18":0,"19":0,"20":1},"f":{"0":0,"1":0},"b":{"0":[0,0],"1":[0,0]}}
,"/home/logan/dev/koa-sleep/backend/src/routes/authRoutes.ts": {"path":"/home/logan/dev/koa-sleep/backend/src/routes/authRoutes.ts","statementMap":{"0":{"start":{"line":1,"column":0},"end":{"line":1,"column":33}},"1":{"start":{"line":2,"column":0},"end":{"line":2,"column":61}},"2":{"start":{"line":4,"column":15},"end":{"line":4,"column":23}},"3":{"start":{"line":6,"column":0},"end":{"line":6,"column":69}},"4":{"start":{"line":7,"column":0},"end":{"line":7,"column":68}},"5":{"start":{"line":9,"column":0},"end":{"line":9,"column":22}}},"fnMap":{},"branchMap":{},"s":{"0":1,"1":1,"2":1,"3":1,"4":1,"5":1},"f":{},"b":{}}
,"/home/logan/dev/koa-sleep/backend/src/routes/demoRoutes.ts": {"path":"/home/logan/dev/koa-sleep/backend/src/routes/demoRoutes.ts","statementMap":{"0":{"start":{"line":1,"column":0},"end":{"line":1,"column":33}},"1":{"start":{"line":2,"column":0},"end":{"line":2,"column":63}},"2":{"start":{"line":4,"column":15},"end":{"line":4,"column":23}},"3":{"start":{"line":19,"column":0},"end":{"line":19,"column":43}},"4":{"start":{"line":42,"column":0},"end":{"line":42,"column":45}},"5":{"start":{"line":44,"column":0},"end":{"line":44,"column":22}}},"fnMap":{},"branchMap":{},"s":{"0":1,"1":1,"2":1,"3":1,"4":1,"5":1},"f":{},"b":{}}
,"/home/logan/dev/koa-sleep/backend/src/routes/userRoutes.ts": {"path":"/home/logan/dev/koa-sleep/backend/src/routes/userRoutes.ts","statementMap":{"0":{"start":{"line":1,"column":0},"end":{"line":1,"column":33}},"1":{"start":{"line":2,"column":0},"end":{"line":2,"column":61}},"2":{"start":{"line":3,"column":0},"end":{"line":3,"column":63}},"3":{"start":{"line":4,"column":0},"end":{"line":4,"column":69}},"4":{"start":{"line":5,"column":0},"end":{"line":5,"column":null}},"5":{"start":{"line":10,"column":15},"end":{"line":10,"column":23}},"6":{"start":{"line":12,"column":0},"end":{"line":12,"column":30}},"7":{"start":{"line":45,"column":0},"end":{"line":45,"column":49}},"8":{"start":{"line":91,"column":0},"end":{"line":91,"column":53}},"9":{"start":{"line":133,"column":0},"end":{"line":137,"column":2}},"10":{"start":{"line":183,"column":0},"end":{"line":187,"column":2}},"11":{"start":{"line":240,"column":0},"end":{"line":244,"column":2}},"12":{"start":{"line":297,"column":0},"end":{"line":301,"column":2}},"13":{"start":{"line":354,"column":0},"end":{"line":358,"column":2}},"14":{"start":{"line":411,"column":0},"end":{"line":415,"column":2}},"15":{"start":{"line":461,"column":0},"end":{"line":461,"column":80}},"16":{"start":{"line":513,"column":0},"end":{"line":517,"column":2}},"17":{"start":{"line":519,"column":0},"end":{"line":519,"column":22}}},"fnMap":{},"branchMap":{},"s":{"0":1,"1":1,"2":1,"3":1,"4":1,"5":1,"6":1,"7":1,"8":1,"9":1,"10":1,"11":1,"12":1,"13":1,"14":1,"15":1,"16":1,"17":1},"f":{},"b":{}}
,"/home/logan/dev/koa-sleep/backend/src/services/fitbitService.ts": {"path":"/home/logan/dev/koa-sleep/backend/src/services/fitbitService.ts","statementMap":{"0":{"start":{"line":5,"column":0},"end":{"line":5,"column":null}},"1":{"start":{"line":10,"column":0},"end":{"line":10,"column":45}},"2":{"start":{"line":11,"column":0},"end":{"line":11,"column":20}},"3":{"start":{"line":12,"column":0},"end":{"line":12,"column":42}},"4":{"start":{"line":14,"column":24},"end":{"line":14,"column":65}},"5":{"start":{"line":15,"column":25},"end":{"line":15,"column":62}},"6":{"start":{"line":16,"column":27},"end":{"line":16,"column":73}},"7":{"start":{"line":18,"column":13},"end":{"line":162,"column":2}},"8":{"start":{"line":20,"column":21},"end":{"line":20,"column":44}},"9":{"start":{"line":21,"column":24},"end":{"line":21,"column":50}},"10":{"start":{"line":22,"column":18},"end":{"line":22,"column":33}},"11":{"start":{"line":23,"column":21},"end":{"line":23,"column":43}},"12":{"start":{"line":24,"column":22},"end":{"line":24,"column":53}},"13":{"start":{"line":26,"column":19},"end":{"line":42,"column":15}},"14":{"start":{"line":44,"column":19},"end":{"line":52,"column":6}},"15":{"start":{"line":54,"column":4},"end":{"line":58,"column":6}},"16":{"start":{"line":62,"column":21},"end":{"line":62,"column":44}},"17":{"start":{"line":63,"column":25},"end":{"line":63,"column":52}},"18":{"start":{"line":64,"column":24},"end":{"line":64,"column":50}},"19":{"start":{"line":66,"column":24},"end":{"line":67,"column":null}},"20":{"start":{"line":70,"column":17},"end":{"line":76,"column":6}},"21":{"start":{"line":78,"column":4},"end":{"line":102,"column":5}},"22":{"start":{"line":79,"column":59},"end":{"line":88,"column":null}},"23":{"start":{"line":91,"column":6},"end":{"line":91,"column":27}},"24":{"start":{"line":93,"column":6},"end":{"line":100,"column":7}},"25":{"start":{"line":94,"column":8},"end":{"line":97,"column":11}},"26":{"start":{"line":99,"column":8},"end":{"line":99,"column":64}},"27":{"start":{"line":101,"column":6},"end":{"line":101,"column":18}},"28":{"start":{"line":108,"column":21},"end":{"line":108,"column":44}},"29":{"start":{"line":109,"column":25},"end":{"line":109,"column":52}},"30":{"start":{"line":111,"column":24},"end":{"line":112,"column":null}},"31":{"start":{"line":115,"column":17},"end":{"line":118,"column":6}},"32":{"start":{"line":120,"column":4},"end":{"line":139,"column":5}},"33":{"start":{"line":121,"column":18},"end":{"line":130,"column":null}},"34":{"start":{"line":132,"column":6},"end":{"line":132,"column":22}},"35":{"start":{"line":134,"column":18},"end":{"line":136,"column":25}},"36":{"start":{"line":137,"column":6},"end":{"line":137,"column":53}},"37":{"start":{"line":138,"column":6},"end":{"line":138,"column":56}},"38":{"start":{"line":143,"column":4},"end":{"line":160,"column":5}},"39":{"start":{"line":144,"column":33},"end":{"line":149,"column":8}},"40":{"start":{"line":151,"column":6},"end":{"line":151,"column":52}},"41":{"start":{"line":153,"column":6},"end":{"line":158,"column":7}},"42":{"start":{"line":154,"column":8},"end":{"line":157,"column":11}},"43":{"start":{"line":159,"column":6},"end":{"line":159,"column":18}}},"fnMap":{"0":{"name":"(anonymous_1)","decl":{"start":{"line":19,"column":23},"end":{"line":19,"column":26}},"loc":{"start":{"line":19,"column":28},"end":{"line":59,"column":3}}},"1":{"name":"(anonymous_2)","decl":{"start":{"line":61,"column":25},"end":{"line":61,"column":30}},"loc":{"start":{"line":61,"column":71},"end":{"line":103,"column":3}}},"2":{"name":"(anonymous_3)","decl":{"start":{"line":105,"column":22},"end":{"line":105,"column":27}},"loc":{"start":{"line":107,"column":36},"end":{"line":140,"column":3}}},"3":{"name":"(anonymous_4)","decl":{"start":{"line":142,"column":18},"end":{"line":142,"column":23}},"loc":{"start":{"line":142,"column":48},"end":{"line":161,"column":3}}}},"branchMap":{"0":{"loc":{"start":{"line":93,"column":6},"end":{"line":100,"column":7}},"type":"if","locations":[{"start":{"line":93,"column":6},"end":{"line":100,"column":7}},{"start":{"line":98,"column":13},"end":{"line":100,"column":7}}]},"1":{"loc":{"start":{"line":134,"column":18},"end":{"line":136,"column":25}},"type":"cond-expr","locations":[{"start":{"line":135,"column":10},"end":{"line":135,"column":30}},{"start":{"line":136,"column":10},"end":{"line":136,"column":25}}]},"2":{"loc":{"start":{"line":153,"column":6},"end":{"line":158,"column":7}},"type":"if","locations":[{"start":{"line":153,"column":6},"end":{"line":158,"column":7}},{"start":{},"end":{}}]}},"s":{"0":3,"1":3,"2":3,"3":3,"4":3,"5":3,"6":3,"7":3,"8":0,"9":0,"10":0,"11":0,"12":0,"13":0,"14":0,"15":0,"16":0,"17":0,"18":0,"19":0,"20":0,"21":0,"22":0,"23":0,"24":0,"25":0,"26":0,"27":0,"28":0,"29":0,"30":0,"31":0,"32":0,"33":0,"34":0,"35":0,"36":0,"37":0,"38":0,"39":0,"40":0,"41":0,"42":0,"43":0},"f":{"0":0,"1":0,"2":0,"3":0},"b":{"0":[0,0],"1":[0,0],"2":[0,0]}}
,"/home/logan/dev/koa-sleep/backend/src/services/sleepService.ts": {"path":"/home/logan/dev/koa-sleep/backend/src/services/sleepService.ts","statementMap":{"0":{"start":{"line":2,"column":0},"end":{"line":2,"column":33}},"1":{"start":{"line":6,"column":13},"end":{"line":77,"column":2}},"2":{"start":{"line":10,"column":22},"end":{"line":14,"column":6}},"3":{"start":{"line":15,"column":4},"end":{"line":15,"column":21}},"4":{"start":{"line":22,"column":40},"end":{"line":27,"column":6}},"5":{"start":{"line":28,"column":4},"end":{"line":28,"column":20}},"6":{"start":{"line":31,"column":31},"end":{"line":38,"column":6}},"7":{"start":{"line":39,"column":4},"end":{"line":39,"column":30}},"8":{"start":{"line":45,"column":24},"end":{"line":53,"column":6}},"9":{"start":{"line":54,"column":4},"end":{"line":54,"column":23}},"10":{"start":{"line":60,"column":24},"end":{"line":68,"column":6}},"11":{"start":{"line":69,"column":4},"end":{"line":69,"column":23}},"12":{"start":{"line":72,"column":25},"end":{"line":74,"column":6}},"13":{"start":{"line":75,"column":4},"end":{"line":75,"column":24}}},"fnMap":{"0":{"name":"(anonymous_1)","decl":{"start":{"line":7,"column":24},"end":{"line":7,"column":29}},"loc":{"start":{"line":9,"column":36},"end":{"line":16,"column":3}}},"1":{"name":"(anonymous_2)","decl":{"start":{"line":18,"column":21},"end":{"line":18,"column":26}},"loc":{"start":{"line":21,"column":34},"end":{"line":29,"column":3}}},"2":{"name":"(anonymous_3)","decl":{"start":{"line":30,"column":25},"end":{"line":30,"column":30}},"loc":{"start":{"line":30,"column":78},"end":{"line":40,"column":3}}},"3":{"name":"(anonymous_4)","decl":{"start":{"line":41,"column":24},"end":{"line":41,"column":29}},"loc":{"start":{"line":44,"column":35},"end":{"line":55,"column":3}}},"4":{"name":"(anonymous_5)","decl":{"start":{"line":56,"column":24},"end":{"line":56,"column":29}},"loc":{"start":{"line":59,"column":38},"end":{"line":70,"column":3}}},"5":{"name":"(anonymous_6)","decl":{"start":{"line":71,"column":25},"end":{"line":71,"column":30}},"loc":{"start":{"line":71,"column":62},"end":{"line":76,"column":3}}}},"branchMap":{},"s":{"0":1,"1":1,"2":0,"3":0,"4":0,"5":0,"6":0,"7":0,"8":0,"9":0,"10":0,"11":0,"12":0,"13":0},"f":{"0":0,"1":0,"2":0,"3":0,"4":0,"5":0},"b":{}}
,"/home/logan/dev/koa-sleep/backend/src/services/tokenStorage.ts": {"path":"/home/logan/dev/koa-sleep/backend/src/services/tokenStorage.ts","statementMap":{"0":{"start":{"line":1,"column":0},"end":{"line":1,"column":33}},"1":{"start":{"line":2,"column":0},"end":{"line":2,"column":53}},"2":{"start":{"line":4,"column":0},"end":{"line":4,"column":56}},"3":{"start":{"line":6,"column":13},"end":{"line":63,"column":2}},"4":{"start":{"line":13,"column":19},"end":{"line":15,"column":6}},"5":{"start":{"line":17,"column":4},"end":{"line":17,"column":29}},"6":{"start":{"line":17,"column":17},"end":{"line":17,"column":29}},"7":{"start":{"line":19,"column":4},"end":{"line":23,"column":6}},"8":{"start":{"line":32,"column":22},"end":{"line":32,"column":64}},"9":{"start":{"line":34,"column":4},"end":{"line":48,"column":7}},"10":{"start":{"line":56,"column":4},"end":{"line":61,"column":6}}},"fnMap":{"0":{"name":"(anonymous_1)","decl":{"start":{"line":12,"column":13},"end":{"line":12,"column":18}},"loc":{"start":{"line":12,"column":38},"end":{"line":24,"column":3}}},"1":{"name":"(anonymous_2)","decl":{"start":{"line":31,"column":14},"end":{"line":31,"column":19}},"loc":{"start":{"line":31,"column":68},"end":{"line":49,"column":3}}},"2":{"name":"(anonymous_3)","decl":{"start":{"line":55,"column":23},"end":{"line":55,"column":24}},"loc":{"start":{"line":55,"column":55},"end":{"line":62,"column":3}}}},"branchMap":{"0":{"loc":{"start":{"line":17,"column":4},"end":{"line":17,"column":29}},"type":"if","locations":[{"start":{"line":17,"column":4},"end":{"line":17,"column":29}},{"start":{},"end":{}}]}},"s":{"0":3,"1":3,"2":3,"3":3,"4":2,"5":2,"6":1,"7":1,"8":1,"9":1,"10":0},"f":{"0":2,"1":1,"2":0},"b":{"0":[1,1]}}
,"/home/logan/dev/koa-sleep/backend/src/services/userService.ts": {"path":"/home/logan/dev/koa-sleep/backend/src/services/userService.ts","statementMap":{"0":{"start":{"line":1,"column":0},"end":{"line":1,"column":33}},"1":{"start":{"line":8,"column":0},"end":{"line":8,"column":48}},"2":{"start":{"line":9,"column":0},"end":{"line":9,"column":47}},"3":{"start":{"line":10,"column":0},"end":{"line":10,"column":46}},"4":{"start":{"line":11,"column":0},"end":{"line":11,"column":36}},"5":{"start":{"line":13,"column":23},"end":{"line":13,"column":47}},"6":{"start":{"line":15,"column":13},"end":{"line":183,"column":2}},"7":{"start":{"line":20,"column":22},"end":{"line":20,"column":66}},"8":{"start":{"line":22,"column":20},"end":{"line":34,"column":6}},"9":{"start":{"line":36,"column":4},"end":{"line":36,"column":19}},"10":{"start":{"line":40,"column":26},"end":{"line":43,"column":6}},"11":{"start":{"line":45,"column":4},"end":{"line":48,"column":5}},"12":{"start":{"line":46,"column":6},"end":{"line":46,"column":70}},"13":{"start":{"line":47,"column":6},"end":{"line":47,"column":33}},"14":{"start":{"line":50,"column":24},"end":{"line":51,"column":null}},"15":{"start":{"line":54,"column":4},"end":{"line":54,"column":61}},"16":{"start":{"line":60,"column":4},"end":{"line":62,"column":5}},"17":{"start":{"line":61,"column":6},"end":{"line":61,"column":46}},"18":{"start":{"line":64,"column":18},"end":{"line":64,"column":45}},"19":{"start":{"line":67,"column":4},"end":{"line":93,"column":7}},"20":{"start":{"line":68,"column":21},"end":{"line":68,"column":57}},"21":{"start":{"line":70,"column":6},"end":{"line":72,"column":7}},"22":{"start":{"line":71,"column":8},"end":{"line":71,"column":64}},"23":{"start":{"line":74,"column":6},"end":{"line":76,"column":7}},"24":{"start":{"line":75,"column":8},"end":{"line":75,"column":35}},"25":{"start":{"line":78,"column":6},"end":{"line":92,"column":7}},"26":{"start":{"line":79,"column":26},"end":{"line":80,"column":null}},"27":{"start":{"line":83,"column":8},"end":{"line":83,"column":57}},"28":{"start":{"line":85,"column":8},"end":{"line":85,"column":38}},"29":{"start":{"line":87,"column":20},"end":{"line":87,"column":72}},"30":{"start":{"line":88,"column":8},"end":{"line":88,"column":55}},"31":{"start":{"line":89,"column":8},"end":{"line":91,"column":10}},"32":{"start":{"line":97,"column":17},"end":{"line":101,"column":6}},"33":{"start":{"line":102,"column":4},"end":{"line":102,"column":16}},"34":{"start":{"line":106,"column":24},"end":{"line":113,"column":6}},"35":{"start":{"line":115,"column":4},"end":{"line":115,"column":38}},"36":{"start":{"line":119,"column":17},"end":{"line":123,"column":6}},"37":{"start":{"line":124,"column":4},"end":{"line":124,"column":16}},"38":{"start":{"line":134,"column":8},"end":{"line":143,"column":6}},"39":{"start":{"line":145,"column":23},"end":{"line":145,"column":71}},"40":{"start":{"line":145,"column":39},"end":{"line":145,"column":71}},"41":{"start":{"line":147,"column":24},"end":{"line":148,"column":null}},"42":{"start":{"line":148,"column":30},"end":{"line":148,"column":67}},"43":{"start":{"line":150,"column":29},"end":{"line":151,"column":null}},"44":{"start":{"line":151,"column":35},"end":{"line":151,"column":79}},"45":{"start":{"line":153,"column":19},"end":{"line":154,"column":null}},"46":{"start":{"line":154,"column":36},"end":{"line":154,"column":77}},"47":{"start":{"line":156,"column":20},"end":{"line":157,"column":null}},"48":{"start":{"line":157,"column":33},"end":{"line":157,"column":66}},"49":{"start":{"line":160,"column":25},"end":{"line":180,"column":6}},"50":{"start":{"line":161,"column":22},"end":{"line":161,"column":47}},"51":{"start":{"line":163,"column":6},"end":{"line":179,"column":8}},"52":{"start":{"line":181,"column":4},"end":{"line":181,"column":24}}},"fnMap":{"0":{"name":"(anonymous_1)","decl":{"start":{"line":16,"column":11},"end":{"line":16,"column":16}},"loc":{"start":{"line":19,"column":22},"end":{"line":37,"column":3}}},"1":{"name":"(anonymous_2)","decl":{"start":{"line":39,"column":26},"end":{"line":39,"column":31}},"loc":{"start":{"line":39,"column":67},"end":{"line":55,"column":3}}},"2":{"name":"(anonymous_3)","decl":{"start":{"line":58,"column":23},"end":{"line":58,"column":28}},"loc":{"start":{"line":58,"column":48},"end":{"line":94,"column":3}}},"3":{"name":"(anonymous_4)","decl":{"start":{"line":67,"column":36},"end":{"line":67,"column":41}},"loc":{"start":{"line":67,"column":47},"end":{"line":93,"column":5}}},"4":{"name":"(anonymous_5)","decl":{"start":{"line":96,"column":15},"end":{"line":96,"column":20}},"loc":{"start":{"line":96,"column":59},"end":{"line":103,"column":3}}},"5":{"name":"(anonymous_6)","decl":{"start":{"line":105,"column":21},"end":{"line":105,"column":26}},"loc":{"start":{"line":105,"column":71},"end":{"line":116,"column":3}}},"6":{"name":"(anonymous_7)","decl":{"start":{"line":118,"column":18},"end":{"line":118,"column":23}},"loc":{"start":{"line":118,"column":65},"end":{"line":125,"column":3}}},"7":{"name":"(anonymous_8)","decl":{"start":{"line":127,"column":20},"end":{"line":127,"column":25}},"loc":{"start":{"line":127,"column":71},"end":{"line":182,"column":3}}},"8":{"name":"(anonymous_9)","decl":{"start":{"line":145,"column":23},"end":{"line":145,"column":24}},"loc":{"start":{"line":145,"column":39},"end":{"line":145,"column":71}}},"9":{"name":"(anonymous_10)","decl":{"start":{"line":148,"column":20},"end":{"line":148,"column":21}},"loc":{"start":{"line":148,"column":30},"end":{"line":148,"column":67}}},"10":{"name":"(anonymous_11)","decl":{"start":{"line":151,"column":25},"end":{"line":151,"column":26}},"loc":{"start":{"line":151,"column":35},"end":{"line":151,"column":79}}},"11":{"name":"(anonymous_12)","decl":{"start":{"line":154,"column":26},"end":{"line":154,"column":27}},"loc":{"start":{"line":154,"column":36},"end":{"line":154,"column":77}}},"12":{"name":"(anonymous_13)","decl":{"start":{"line":157,"column":23},"end":{"line":157,"column":24}},"loc":{"start":{"line":157,"column":33},"end":{"line":157,"column":66}}},"13":{"name":"(anonymous_14)","decl":{"start":{"line":160,"column":39},"end":{"line":160,"column":40}},"loc":{"start":{"line":160,"column":52},"end":{"line":180,"column":5}}}},"branchMap":{"0":{"loc":{"start":{"line":45,"column":4},"end":{"line":48,"column":5}},"type":"if","locations":[{"start":{"line":45,"column":4},"end":{"line":48,"column":5}},{"start":{},"end":{}}]},"1":{"loc":{"start":{"line":60,"column":4},"end":{"line":62,"column":5}},"type":"if","locations":[{"start":{"line":60,"column":4},"end":{"line":62,"column":5}},{"start":{},"end":{}}]},"2":{"loc":{"start":{"line":70,"column":6},"end":{"line":72,"column":7}},"type":"if","locations":[{"start":{"line":70,"column":6},"end":{"line":72,"column":7}},{"start":{},"end":{}}]},"3":{"loc":{"start":{"line":74,"column":6},"end":{"line":76,"column":7}},"type":"if","locations":[{"start":{"line":74,"column":6},"end":{"line":76,"column":7}},{"start":{},"end":{}}]},"4":{"loc":{"start":{"line":87,"column":20},"end":{"line":87,"column":72}},"type":"cond-expr","locations":[{"start":{"line":87,"column":43},"end":{"line":87,"column":54}},{"start":{"line":87,"column":57},"end":{"line":87,"column":72}}]},"5":{"loc":{"start":{"line":115,"column":11},"end":{"line":115,"column":37}},"type":"binary-expr","locations":[{"start":{"line":115,"column":11},"end":{"line":115,"column":29}},{"start":{"line":115,"column":33},"end":{"line":115,"column":37}}]},"6":{"loc":{"start":{"line":175,"column":26},"end":{"line":175,"column":58}},"type":"binary-expr","locations":[{"start":{"line":175,"column":26},"end":{"line":175,"column":50}},{"start":{"line":175,"column":54},"end":{"line":175,"column":58}}]},"7":{"loc":{"start":{"line":176,"column":24},"end":{"line":176,"column":61}},"type":"binary-expr","locations":[{"start":{"line":176,"column":24},"end":{"line":176,"column":53}},{"start":{"line":176,"column":57},"end":{"line":176,"column":61}}]},"8":{"loc":{"start":{"line":177,"column":13},"end":{"line":177,"column":40}},"type":"binary-expr","locations":[{"start":{"line":177,"column":13},"end":{"line":177,"column":32}},{"start":{"line":177,"column":36},"end":{"line":177,"column":40}}]},"9":{"loc":{"start":{"line":178,"column":14},"end":{"line":178,"column":42}},"type":"binary-expr","locations":[{"start":{"line":178,"column":14},"end":{"line":178,"column":34}},{"start":{"line":178,"column":38},"end":{"line":178,"column":42}}]}},"s":{"0":2,"1":2,"2":2,"3":2,"4":2,"5":2,"6":2,"7":0,"8":0,"9":0,"10":0,"11":0,"12":0,"13":0,"14":0,"15":0,"16":0,"17":0,"18":0,"19":0,"20":0,"21":0,"22":0,"23":0,"24":0,"25":0,"26":0,"27":0,"28":0,"29":0,"30":0,"31":0,"32":0,"33":0,"34":0,"35":0,"36":0,"37":0,"38":0,"39":0,"40":0,"41":0,"42":0,"43":0,"44":0,"45":0,"46":0,"47":0,"48":0,"49":0,"50":0,"51":0,"52":0},"f":{"0":0,"1":0,"2":0,"3":0,"4":0,"5":0,"6":0,"7":0,"8":0,"9":0,"10":0,"11":0,"12":0,"13":0},"b":{"0":[0,0],"1":[0,0],"2":[0,0],"3":[0,0],"4":[0,0],"5":[0,0],"6":[0,0],"7":[0,0],"8":[0,0],"9":[0,0]}}
,"/home/logan/dev/koa-sleep/backend/src/services/wellnessService.ts": {"path":"/home/logan/dev/koa-sleep/backend/src/services/wellnessService.ts","statementMap":{"0":{"start":{"line":2,"column":0},"end":{"line":2,"column":33}},"1":{"start":{"line":4,"column":13},"end":{"line":40,"column":2}},"2":{"start":{"line":9,"column":24},"end":{"line":11,"column":6}},"3":{"start":{"line":12,"column":33},"end":{"line":14,"column":6}},"4":{"start":{"line":15,"column":23},"end":{"line":17,"column":6}},"5":{"start":{"line":18,"column":24},"end":{"line":20,"column":6}},"6":{"start":{"line":22,"column":58},"end":{"line":27,"column":6}},"7":{"start":{"line":29,"column":4},"end":{"line":31,"column":5}},"8":{"start":{"line":30,"column":6},"end":{"line":30,"column":18}},"9":{"start":{"line":33,"column":4},"end":{"line":38,"column":6}}},"fnMap":{"0":{"name":"(anonymous_1)","decl":{"start":{"line":5,"column":28},"end":{"line":5,"column":33}},"loc":{"start":{"line":8,"column":39},"end":{"line":39,"column":3}}}},"branchMap":{"0":{"loc":{"start":{"line":29,"column":4},"end":{"line":31,"column":5}},"type":"if","locations":[{"start":{"line":29,"column":4},"end":{"line":31,"column":5}},{"start":{},"end":{}}]},"1":{"loc":{"start":{"line":29,"column":8},"end":{"line":29,"column":61}},"type":"binary-expr","locations":[{"start":{"line":29,"column":8},"end":{"line":29,"column":25}},{"start":{"line":29,"column":29},"end":{"line":29,"column":44}},{"start":{"line":29,"column":48},"end":{"line":29,"column":52}},{"start":{"line":29,"column":56},"end":{"line":29,"column":61}}]}},"s":{"0":1,"1":1,"2":0,"3":0,"4":0,"5":0,"6":0,"7":0,"8":0,"9":0},"f":{"0":0},"b":{"0":[0,0],"1":[0,0,0,0]}}
,"/home/logan/dev/koa-sleep/backend/src/utils/encryption.ts": {"path":"/home/logan/dev/koa-sleep/backend/src/utils/encryption.ts","statementMap":{"0":{"start":{"line":1,"column":0},"end":{"line":1,"column":28}},"1":{"start":{"line":3,"column":23},"end":{"line":3,"column":49}},"2":{"start":{"line":4,"column":18},"end":{"line":4,"column":20}},"3":{"start":{"line":6,"column":0},"end":{"line":10,"column":1}},"4":{"start":{"line":7,"column":2},"end":{"line":9,"column":4}},"5":{"start":{"line":12,"column":23},"end":{"line":22,"column":1}},"6":{"start":{"line":13,"column":13},"end":{"line":13,"column":42}},"7":{"start":{"line":14,"column":17},"end":{"line":17,"column":null}},"8":{"start":{"line":19,"column":18},"end":{"line":19,"column":37}},"9":{"start":{"line":20,"column":2},"end":{"line":20,"column":57}},"10":{"start":{"line":21,"column":2},"end":{"line":21,"column":62}},"11":{"start":{"line":12,"column":13},"end":{"line":12,"column":23}},"12":{"start":{"line":24,"column":23},"end":{"line":36,"column":1}},"13":{"start":{"line":25,"column":20},"end":{"line":25,"column":35}},"14":{"start":{"line":26,"column":13},"end":{"line":26,"column":51}},"15":{"start":{"line":27,"column":24},"end":{"line":27,"column":63}},"16":{"start":{"line":28,"column":19},"end":{"line":31,"column":null}},"17":{"start":{"line":33,"column":18},"end":{"line":33,"column":48}},"18":{"start":{"line":34,"column":2},"end":{"line":34,"column":59}},"19":{"start":{"line":35,"column":2},"end":{"line":35,"column":30}},"20":{"start":{"line":24,"column":13},"end":{"line":24,"column":23}},"21":{"start":{"line":38,"column":36},"end":{"line":45,"column":1}},"22":{"start":{"line":39,"column":2},"end":{"line":44,"column":23}},"23":{"start":{"line":38,"column":13},"end":{"line":38,"column":36}},"24":{"start":{"line":47,"column":37},"end":{"line":55,"column":1}},"25":{"start":{"line":48,"column":2},"end":{"line":54,"column":23}},"26":{"start":{"line":47,"column":13},"end":{"line":47,"column":37}},"27":{"start":{"line":57,"column":29},"end":{"line":59,"column":1}},"28":{"start":{"line":58,"column":2},"end":{"line":58,"column":48}},"29":{"start":{"line":57,"column":13},"end":{"line":57,"column":29}}},"fnMap":{"0":{"name":"(anonymous_1)","decl":{"start":{"line":12,"column":23},"end":{"line":12,"column":24}},"loc":{"start":{"line":12,"column":48},"end":{"line":22,"column":1}}},"1":{"name":"(anonymous_2)","decl":{"start":{"line":24,"column":23},"end":{"line":24,"column":24}},"loc":{"start":{"line":24,"column":48},"end":{"line":36,"column":1}}},"2":{"name":"(anonymous_3)","decl":{"start":{"line":38,"column":36},"end":{"line":38,"column":47}},"loc":{"start":{"line":38,"column":49},"end":{"line":45,"column":1}}},"3":{"name":"(anonymous_4)","decl":{"start":{"line":47,"column":37},"end":{"line":47,"column":38}},"loc":{"start":{"line":47,"column":66},"end":{"line":55,"column":1}}},"4":{"name":"(anonymous_5)","decl":{"start":{"line":57,"column":29},"end":{"line":57,"column":40}},"loc":{"start":{"line":57,"column":42},"end":{"line":59,"column":1}}}},"branchMap":{"0":{"loc":{"start":{"line":6,"column":0},"end":{"line":10,"column":1}},"type":"if","locations":[{"start":{"line":6,"column":0},"end":{"line":10,"column":1}},{"start":{},"end":{}}]},"1":{"loc":{"start":{"line":6,"column":4},"end":{"line":6,"column":51}},"type":"binary-expr","locations":[{"start":{"line":6,"column":4},"end":{"line":6,"column":19}},{"start":{"line":6,"column":23},"end":{"line":6,"column":51}}]}},"s":{"0":4,"1":4,"2":4,"3":4,"4":0,"5":4,"6":0,"7":0,"8":0,"9":0,"10":0,"11":4,"12":4,"13":0,"14":0,"15":0,"16":0,"17":0,"18":0,"19":0,"20":4,"21":4,"22":0,"23":4,"24":4,"25":0,"26":4,"27":4,"28":0,"29":4},"f":{"0":0,"1":0,"2":0,"3":0,"4":0},"b":{"0":[0,4],"1":[4,4]}}
,"/home/logan/dev/koa-sleep/backend/src/utils/formatters.ts": {"path":"/home/logan/dev/koa-sleep/backend/src/utils/formatters.ts","statementMap":{"0":{"start":{"line":1,"column":48},"end":{"line":11,"column":1}},"1":{"start":{"line":2,"column":2},"end":{"line":4,"column":3}},"2":{"start":{"line":3,"column":4},"end":{"line":3,"column":19}},"3":{"start":{"line":6,"column":16},"end":{"line":6,"column":29}},"4":{"start":{"line":7,"column":32},"end":{"line":7,"column":45}},"5":{"start":{"line":8,"column":18},"end":{"line":8,"column":48}},"6":{"start":{"line":10,"column":2},"end":{"line":10,"column":33}},"7":{"start":{"line":1,"column":13},"end":{"line":1,"column":48}},"8":{"start":{"line":13,"column":32},"end":{"line":18,"column":1}},"9":{"start":{"line":14,"column":15},"end":{"line":14,"column":33}},"10":{"start":{"line":15,"column":16},"end":{"line":15,"column":60}},"11":{"start":{"line":16,"column":14},"end":{"line":16,"column":53}},"12":{"start":{"line":17,"column":2},"end":{"line":17,"column":35}},"13":{"start":{"line":13,"column":13},"end":{"line":13,"column":32}}},"fnMap":{"0":{"name":"(anonymous_0)","decl":{"start":{"line":1,"column":48},"end":{"line":1,"column":49}},"loc":{"start":{"line":1,"column":71},"end":{"line":11,"column":1}}},"1":{"name":"(anonymous_1)","decl":{"start":{"line":13,"column":32},"end":{"line":13,"column":33}},"loc":{"start":{"line":13,"column":55},"end":{"line":18,"column":1}}}},"branchMap":{"0":{"loc":{"start":{"line":2,"column":2},"end":{"line":4,"column":3}},"type":"if","locations":[{"start":{"line":2,"column":2},"end":{"line":4,"column":3}},{"start":{},"end":{}}]}},"s":{"0":2,"1":3,"2":1,"3":2,"4":2,"5":2,"6":2,"7":2,"8":2,"9":1,"10":1,"11":1,"12":1,"13":2},"f":{"0":3,"1":1},"b":{"0":[1,2]}}
,"/home/logan/dev/koa-sleep/backend/src/utils/mappers.ts": {"path":"/home/logan/dev/koa-sleep/backend/src/utils/mappers.ts","statementMap":{"0":{"start":{"line":21,"column":0},"end":{"line":21,"column":64}},"1":{"start":{"line":28,"column":25},"end":{"line":36,"column":1}},"2":{"start":{"line":29,"column":2},"end":{"line":35,"column":4}},"3":{"start":{"line":28,"column":13},"end":{"line":28,"column":25}},"4":{"start":{"line":38,"column":29},"end":{"line":52,"column":1}},"5":{"start":{"line":39,"column":2},"end":{"line":51,"column":4}},"6":{"start":{"line":38,"column":13},"end":{"line":38,"column":29}},"7":{"start":{"line":55,"column":33},"end":{"line":73,"column":1}},"8":{"start":{"line":56,"column":2},"end":{"line":72,"column":4}},"9":{"start":{"line":55,"column":13},"end":{"line":55,"column":33}},"10":{"start":{"line":75,"column":32},"end":{"line":82,"column":1}},"11":{"start":{"line":76,"column":2},"end":{"line":81,"column":4}},"12":{"start":{"line":75,"column":13},"end":{"line":75,"column":32}},"13":{"start":{"line":84,"column":34},"end":{"line":92,"column":1}},"14":{"start":{"line":87,"column":2},"end":{"line":91,"column":4}},"15":{"start":{"line":84,"column":13},"end":{"line":84,"column":34}},"16":{"start":{"line":94,"column":24},"end":{"line":100,"column":1}},"17":{"start":{"line":95,"column":2},"end":{"line":99,"column":4}},"18":{"start":{"line":94,"column":13},"end":{"line":94,"column":24}},"19":{"start":{"line":102,"column":25},"end":{"line":108,"column":1}},"20":{"start":{"line":103,"column":2},"end":{"line":107,"column":4}},"21":{"start":{"line":102,"column":13},"end":{"line":102,"column":25}},"22":{"start":{"line":110,"column":36},"end":{"line":121,"column":1}},"23":{"start":{"line":113,"column":2},"end":{"line":120,"column":4}},"24":{"start":{"line":110,"column":13},"end":{"line":110,"column":36}}},"fnMap":{"0":{"name":"(anonymous_0)","decl":{"start":{"line":28,"column":25},"end":{"line":28,"column":26}},"loc":{"start":{"line":28,"column":50},"end":{"line":36,"column":1}}},"1":{"name":"(anonymous_1)","decl":{"start":{"line":38,"column":29},"end":{"line":38,"column":30}},"loc":{"start":{"line":38,"column":62},"end":{"line":52,"column":1}}},"2":{"name":"(anonymous_2)","decl":{"start":{"line":55,"column":33},"end":{"line":55,"column":34}},"loc":{"start":{"line":55,"column":72},"end":{"line":73,"column":1}}},"3":{"name":"(anonymous_3)","decl":{"start":{"line":75,"column":32},"end":{"line":75,"column":33}},"loc":{"start":{"line":75,"column":71},"end":{"line":82,"column":1}}},"4":{"name":"(anonymous_4)","decl":{"start":{"line":84,"column":34},"end":{"line":84,"column":null}},"loc":{"start":{"line":86,"column":22},"end":{"line":92,"column":1}}},"5":{"name":"(anonymous_5)","decl":{"start":{"line":94,"column":24},"end":{"line":94,"column":25}},"loc":{"start":{"line":94,"column":68},"end":{"line":100,"column":1}}},"6":{"name":"(anonymous_6)","decl":{"start":{"line":102,"column":25},"end":{"line":102,"column":26}},"loc":{"start":{"line":102,"column":59},"end":{"line":108,"column":1}}},"7":{"name":"(anonymous_7)","decl":{"start":{"line":110,"column":36},"end":{"line":110,"column":null}},"loc":{"start":{"line":112,"column":24},"end":{"line":121,"column":1}}}},"branchMap":{"0":{"loc":{"start":{"line":32,"column":16},"end":{"line":32,"column":44}},"type":"binary-expr","locations":[{"start":{"line":32,"column":16},"end":{"line":32,"column":31}},{"start":{"line":32,"column":35},"end":{"line":32,"column":44}}]},"1":{"loc":{"start":{"line":33,"column":15},"end":{"line":33,"column":42}},"type":"binary-expr","locations":[{"start":{"line":33,"column":15},"end":{"line":33,"column":29}},{"start":{"line":33,"column":33},"end":{"line":33,"column":42}}]},"2":{"loc":{"start":{"line":34,"column":18},"end":{"line":34,"column":48}},"type":"binary-expr","locations":[{"start":{"line":34,"column":18},"end":{"line":34,"column":35}},{"start":{"line":34,"column":39},"end":{"line":34,"column":48}}]},"3":{"loc":{"start":{"line":115,"column":6},"end":{"line":115,"column":67}},"type":"binary-expr","locations":[{"start":{"line":115,"column":6},"end":{"line":115,"column":58}},{"start":{"line":115,"column":62},"end":{"line":115,"column":67}}]},"4":{"loc":{"start":{"line":117,"column":6},"end":{"line":117,"column":72}},"type":"binary-expr","locations":[{"start":{"line":117,"column":6},"end":{"line":117,"column":63}},{"start":{"line":117,"column":67},"end":{"line":117,"column":72}}]},"5":{"loc":{"start":{"line":118,"column":9},"end":{"line":118,"column":61}},"type":"binary-expr","locations":[{"start":{"line":118,"column":9},"end":{"line":118,"column":52}},{"start":{"line":118,"column":56},"end":{"line":118,"column":61}}]},"6":{"loc":{"start":{"line":119,"column":10},"end":{"line":119,"column":55}},"type":"binary-expr","locations":[{"start":{"line":119,"column":10},"end":{"line":119,"column":46}},{"start":{"line":119,"column":50},"end":{"line":119,"column":55}}]}},"s":{"0":1,"1":1,"2":0,"3":1,"4":1,"5":0,"6":1,"7":1,"8":0,"9":1,"10":1,"11":0,"12":1,"13":1,"14":0,"15":1,"16":1,"17":0,"18":1,"19":1,"20":0,"21":1,"22":1,"23":0,"24":1},"f":{"0":0,"1":0,"2":0,"3":0,"4":0,"5":0,"6":0,"7":0},"b":{"0":[0,0],"1":[0,0],"2":[0,0],"3":[0,0],"4":[0,0],"5":[0,0],"6":[0,0]}}
,"/home/logan/dev/koa-sleep/backend/src/utils/tokens.ts": {"path":"/home/logan/dev/koa-sleep/backend/src/utils/tokens.ts","statementMap":{"0":{"start":{"line":1,"column":34},"end":{"line":1,"column":35}},"1":{"start":{"line":3,"column":39},"end":{"line":5,"column":1}},"2":{"start":{"line":4,"column":2},"end":{"line":4,"column":56}},"3":{"start":{"line":3,"column":13},"end":{"line":3,"column":39}},"4":{"start":{"line":7,"column":30},"end":{"line":12,"column":1}},"5":{"start":{"line":8,"column":21},"end":{"line":8,"column":50}},"6":{"start":{"line":9,"column":19},"end":{"line":9,"column":56}},"7":{"start":{"line":11,"column":2},"end":{"line":11,"column":45}},"8":{"start":{"line":7,"column":13},"end":{"line":7,"column":30}}},"fnMap":{"0":{"name":"(anonymous_0)","decl":{"start":{"line":3,"column":39},"end":{"line":3,"column":40}},"loc":{"start":{"line":3,"column":74},"end":{"line":5,"column":1}}},"1":{"name":"(anonymous_1)","decl":{"start":{"line":7,"column":30},"end":{"line":7,"column":31}},"loc":{"start":{"line":7,"column":68},"end":{"line":12,"column":1}}}},"branchMap":{},"s":{"0":4,"1":4,"2":1,"3":4,"4":4,"5":2,"6":2,"7":2,"8":4},"f":{"0":1,"1":2},"b":{}}
}
