TN:
SF:src/app.ts
FNF:0
FNH:0
DA:1,1
DA:2,1
DA:3,1
DA:4,1
DA:5,1
DA:6,1
DA:7,1
DA:8,1
DA:9,1
DA:11,1
DA:13,1
DA:14,1
DA:15,1
DA:17,1
DA:18,1
DA:19,1
DA:20,1
DA:22,1
LF:18
LH:18
BRF:0
BRH:0
end_of_record
TN:
SF:src/config/config.ts
FN:21,validateEnv
FN:22,(anonymous_2)
FN:35,(anonymous_3)
FNF:3
FNH:3
FNDA:3,validateEnv
FNDA:30,(anonymous_2)
FNDA:30,(anonymous_3)
DA:1,3
DA:2,3
DA:4,3
DA:6,3
DA:22,30
DA:24,3
DA:25,0
DA:30,3
DA:31,0
DA:34,3
DA:35,30
DA:39,3
LF:12
LH:10
BRDA:24,0,0,0
BRDA:24,0,1,3
BRDA:30,1,0,0
BRDA:30,1,1,3
BRF:4
BRH:2
end_of_record
TN:
SF:src/config/swagger.ts
FNF:0
FNH:0
DA:1,1
DA:3,1
DA:240,1
LF:3
LH:3
BRF:0
BRH:0
end_of_record
TN:
SF:src/controllers/authController.ts
FN:16,(anonymous_1)
FN:29,(anonymous_2)
FNF:2
FNH:0
FNDA:0,(anonymous_1)
FNDA:0,(anonymous_2)
DA:2,1
DA:3,1
DA:4,1
DA:5,1
DA:7,1
DA:15,1
DA:17,0
DA:18,0
DA:20,0
DA:21,0
DA:22,0
DA:24,0
DA:25,0
DA:30,0
DA:32,0
DA:33,0
DA:34,0
DA:37,0
DA:43,0
DA:46,0
DA:47,0
DA:49,0
DA:50,0
DA:55,0
DA:56,0
DA:57,0
DA:59,0
DA:60,0
DA:61,0
DA:64,0
DA:69,0
DA:71,0
DA:75,0
DA:76,0
DA:78,0
DA:86,0
DA:88,0
DA:92,0
LF:38
LH:6
BRDA:32,0,0,0
BRDA:32,0,1,0
BRDA:37,1,0,0
BRDA:37,1,1,0
BRDA:38,2,0,0
BRDA:38,2,1,0
BRDA:38,2,2,0
BRDA:38,2,3,0
BRDA:49,3,0,0
BRDA:49,3,1,0
BRDA:49,4,0,0
BRDA:49,4,1,0
BRDA:59,5,0,0
BRDA:59,5,1,0
BRDA:90,6,0,0
BRDA:90,6,1,0
BRF:16
BRH:0
end_of_record
TN:
SF:src/controllers/demoController.ts
FN:6,(anonymous_1)
FN:33,(anonymous_2)
FNF:2
FNH:1
FNDA:3,(anonymous_1)
FNDA:0,(anonymous_2)
DA:1,2
DA:3,2
DA:5,2
DA:7,3
DA:8,3
DA:9,3
DA:10,1
DA:13,1
DA:17,2
DA:21,2
DA:27,2
DA:29,0
DA:30,0
DA:34,0
DA:35,0
DA:41,0
DA:43,0
DA:44,0
LF:18
LH:11
BRDA:9,0,0,1
BRDA:9,0,1,2
BRF:2
BRH:2
end_of_record
TN:
SF:src/controllers/sleepController.ts
FN:14,(anonymous_0)
FN:61,(anonymous_1)
FN:110,(anonymous_2)
FN:159,(anonymous_3)
FN:203,(anonymous_4)
FN:249,(anonymous_5)
FN:297,(anonymous_6)
FNF:7
FNH:0
FNDA:0,(anonymous_0)
FNDA:0,(anonymous_1)
FNDA:0,(anonymous_2)
FNDA:0,(anonymous_3)
FNDA:0,(anonymous_4)
FNDA:0,(anonymous_5)
FNDA:0,(anonymous_6)
DA:2,1
DA:3,1
DA:9,1
DA:13,1
DA:15,0
DA:16,0
DA:18,0
DA:19,0
DA:26,0
DA:29,0
DA:33,0
DA:34,0
DA:41,0
DA:44,0
DA:48,0
DA:50,0
DA:51,0
DA:58,0
DA:62,0
DA:63,0
DA:65,0
DA:66,0
DA:74,0
DA:77,0
DA:81,0
DA:82,0
DA:89,0
DA:92,0
DA:96,0
DA:98,0
DA:99,0
DA:106,0
DA:111,0
DA:112,0
DA:114,0
DA:115,0
DA:122,0
DA:125,0
DA:130,0
DA:131,0
DA:138,0
DA:141,0
DA:145,0
DA:147,0
DA:148,0
DA:155,0
DA:160,0
DA:161,0
DA:162,0
DA:163,0
DA:170,0
DA:173,0
DA:175,0
DA:176,0
DA:183,0
DA:186,0
DA:190,0
DA:192,0
DA:193,0
DA:200,0
DA:204,0
DA:205,0
DA:207,0
DA:208,0
DA:215,0
DA:219,0
DA:221,0
DA:222,0
DA:229,0
DA:232,0
DA:236,0
DA:238,0
DA:239,0
DA:246,0
DA:250,0
DA:251,0
DA:253,0
DA:254,0
DA:261,0
DA:264,0
DA:269,0
DA:270,0
DA:277,0
DA:280,0
DA:284,0
DA:286,0
DA:287,0
DA:294,0
DA:298,0
DA:299,0
DA:301,0
DA:302,0
DA:309,0
DA:312,0
DA:317,0
DA:318,0
DA:325,0
DA:328,0
DA:332,0
DA:334,0
DA:335,0
DA:342,0
LF:102
LH:4
BRDA:18,0,0,0
BRDA:18,0,1,0
BRDA:33,1,0,0
BRDA:33,1,1,0
BRDA:65,2,0,0
BRDA:65,2,1,0
BRDA:65,3,0,0
BRDA:65,3,1,0
BRDA:81,4,0,0
BRDA:81,4,1,0
BRDA:114,5,0,0
BRDA:114,5,1,0
BRDA:114,6,0,0
BRDA:114,6,1,0
BRDA:130,7,0,0
BRDA:130,7,1,0
BRDA:162,8,0,0
BRDA:162,8,1,0
BRDA:175,9,0,0
BRDA:175,9,1,0
BRDA:207,10,0,0
BRDA:207,10,1,0
BRDA:207,11,0,0
BRDA:207,11,1,0
BRDA:221,12,0,0
BRDA:221,12,1,0
BRDA:253,13,0,0
BRDA:253,13,1,0
BRDA:253,14,0,0
BRDA:253,14,1,0
BRDA:269,15,0,0
BRDA:269,15,1,0
BRDA:301,16,0,0
BRDA:301,16,1,0
BRDA:301,17,0,0
BRDA:301,17,1,0
BRDA:317,18,0,0
BRDA:317,18,1,0
BRF:38
BRH:0
end_of_record
TN:
SF:src/controllers/userController.ts
FN:8,(anonymous_0)
FN:44,(anonymous_1)
FNF:2
FNH:0
FNDA:0,(anonymous_0)
FNDA:0,(anonymous_1)
DA:2,1
DA:3,1
DA:7,1
DA:12,0
DA:13,0
DA:15,0
DA:17,0
DA:18,0
DA:25,0
DA:28,0
DA:33,0
DA:34,0
DA:41,0
DA:45,0
DA:46,0
DA:47,0
DA:48,0
DA:56,0
DA:59,0
DA:61,0
DA:62,0
DA:69,0
DA:72,0
DA:76,0
DA:78,0
DA:79,0
DA:86,0
LF:27
LH:3
BRDA:17,0,0,0
BRDA:17,0,1,0
BRDA:47,1,0,0
BRDA:47,1,1,0
BRDA:47,2,0,0
BRDA:47,2,1,0
BRDA:61,3,0,0
BRDA:61,3,1,0
BRF:8
BRH:0
end_of_record
TN:
SF:src/controllers/wellnessController.ts
FN:6,(anonymous_0)
FNF:1
FNH:0
FNDA:0,(anonymous_0)
DA:2,1
DA:3,1
DA:5,1
DA:10,0
DA:11,0
DA:12,0
DA:13,0
DA:20,0
DA:23,0
DA:28,0
DA:29,0
DA:36,0
DA:39,0
DA:44,0
DA:45,0
LF:15
LH:3
BRDA:12,0,0,0
BRDA:12,0,1,0
BRDA:12,1,0,0
BRDA:12,1,1,0
BRDA:28,2,0,0
BRDA:28,2,1,0
BRF:6
BRH:0
end_of_record
TN:
SF:src/lib/prisma.ts
FNF:0
FNH:0
DA:1,3
DA:3,3
DA:5,3
LF:3
LH:3
BRF:0
BRH:0
end_of_record
TN:
SF:src/middleware/authMiddleware.ts
FN:12,(anonymous_1)
FN:34,(anonymous_2)
FNF:2
FNH:0
FNDA:0,(anonymous_1)
FNDA:0,(anonymous_2)
DA:2,1
DA:12,1
DA:17,0
DA:19,0
DA:20,0
DA:21,0
DA:24,0
DA:25,0
DA:26,0
DA:27,0
DA:29,0
DA:30,0
DA:34,1
DA:39,0
DA:40,0
DA:42,0
DA:43,0
DA:50,0
DA:53,0
LF:19
LH:3
BRDA:19,0,0,0
BRDA:19,0,1,0
BRDA:42,1,0,0
BRDA:42,1,1,0
BRF:4
BRH:0
end_of_record
TN:
SF:src/routes/authRoutes.ts
FNF:0
FNH:0
DA:1,1
DA:2,1
DA:4,1
DA:6,1
DA:7,1
DA:9,1
LF:6
LH:6
BRF:0
BRH:0
end_of_record
TN:
SF:src/routes/demoRoutes.ts
FNF:0
FNH:0
DA:1,1
DA:2,1
DA:4,1
DA:19,1
DA:42,1
DA:44,1
LF:6
LH:6
BRF:0
BRH:0
end_of_record
TN:
SF:src/routes/userRoutes.ts
FNF:0
FNH:0
DA:1,1
DA:2,1
DA:3,1
DA:4,1
DA:5,1
DA:10,1
DA:12,1
DA:45,1
DA:91,1
DA:133,1
DA:183,1
DA:240,1
DA:297,1
DA:354,1
DA:411,1
DA:461,1
DA:513,1
DA:519,1
LF:18
LH:18
BRF:0
BRH:0
end_of_record
TN:
SF:src/services/fitbitService.ts
FN:19,(anonymous_1)
FN:61,(anonymous_2)
FN:105,(anonymous_3)
FN:142,(anonymous_4)
FNF:4
FNH:0
FNDA:0,(anonymous_1)
FNDA:0,(anonymous_2)
FNDA:0,(anonymous_3)
FNDA:0,(anonymous_4)
DA:5,3
DA:10,3
DA:11,3
DA:12,3
DA:14,3
DA:15,3
DA:16,3
DA:18,3
DA:20,0
DA:21,0
DA:22,0
DA:23,0
DA:24,0
DA:26,0
DA:44,0
DA:54,0
DA:62,0
DA:63,0
DA:64,0
DA:66,0
DA:70,0
DA:78,0
DA:79,0
DA:91,0
DA:93,0
DA:94,0
DA:99,0
DA:101,0
DA:108,0
DA:109,0
DA:111,0
DA:115,0
DA:120,0
DA:121,0
DA:132,0
DA:134,0
DA:137,0
DA:138,0
DA:143,0
DA:144,0
DA:151,0
DA:153,0
DA:154,0
DA:159,0
LF:44
LH:8
BRDA:93,0,0,0
BRDA:93,0,1,0
BRDA:134,1,0,0
BRDA:134,1,1,0
BRDA:153,2,0,0
BRDA:153,2,1,0
BRF:6
BRH:0
end_of_record
TN:
SF:src/services/sleepService.ts
FN:7,(anonymous_1)
FN:18,(anonymous_2)
FN:30,(anonymous_3)
FN:41,(anonymous_4)
FN:56,(anonymous_5)
FN:71,(anonymous_6)
FNF:6
FNH:0
FNDA:0,(anonymous_1)
FNDA:0,(anonymous_2)
FNDA:0,(anonymous_3)
FNDA:0,(anonymous_4)
FNDA:0,(anonymous_5)
FNDA:0,(anonymous_6)
DA:2,1
DA:6,1
DA:10,0
DA:15,0
DA:22,0
DA:28,0
DA:31,0
DA:39,0
DA:45,0
DA:54,0
DA:60,0
DA:69,0
DA:72,0
DA:75,0
LF:14
LH:2
BRF:0
BRH:0
end_of_record
TN:
SF:src/services/tokenStorage.ts
FN:12,(anonymous_1)
FN:31,(anonymous_2)
FN:55,(anonymous_3)
FNF:3
FNH:2
FNDA:2,(anonymous_1)
FNDA:1,(anonymous_2)
FNDA:0,(anonymous_3)
DA:1,3
DA:2,3
DA:4,3
DA:6,3
DA:13,2
DA:17,2
DA:19,1
DA:32,1
DA:34,1
DA:56,0
LF:10
LH:9
BRDA:17,0,0,1
BRDA:17,0,1,1
BRF:2
BRH:2
end_of_record
TN:
SF:src/services/userService.ts
FN:16,(anonymous_1)
FN:39,(anonymous_2)
FN:58,(anonymous_3)
FN:67,(anonymous_4)
FN:96,(anonymous_5)
FN:105,(anonymous_6)
FN:118,(anonymous_7)
FN:127,(anonymous_8)
FN:145,(anonymous_9)
FN:148,(anonymous_10)
FN:151,(anonymous_11)
FN:154,(anonymous_12)
FN:157,(anonymous_13)
FN:160,(anonymous_14)
FNF:14
FNH:0
FNDA:0,(anonymous_1)
FNDA:0,(anonymous_2)
FNDA:0,(anonymous_3)
FNDA:0,(anonymous_4)
FNDA:0,(anonymous_5)
FNDA:0,(anonymous_6)
FNDA:0,(anonymous_7)
FNDA:0,(anonymous_8)
FNDA:0,(anonymous_9)
FNDA:0,(anonymous_10)
FNDA:0,(anonymous_11)
FNDA:0,(anonymous_12)
FNDA:0,(anonymous_13)
FNDA:0,(anonymous_14)
DA:1,2
DA:8,2
DA:9,2
DA:10,2
DA:11,2
DA:13,2
DA:15,2
DA:20,0
DA:22,0
DA:36,0
DA:40,0
DA:45,0
DA:46,0
DA:47,0
DA:50,0
DA:54,0
DA:60,0
DA:61,0
DA:64,0
DA:67,0
DA:68,0
DA:70,0
DA:71,0
DA:74,0
DA:75,0
DA:78,0
DA:79,0
DA:83,0
DA:85,0
DA:87,0
DA:88,0
DA:89,0
DA:97,0
DA:102,0
DA:106,0
DA:115,0
DA:119,0
DA:124,0
DA:134,0
DA:145,0
DA:147,0
DA:148,0
DA:150,0
DA:151,0
DA:153,0
DA:154,0
DA:156,0
DA:157,0
DA:160,0
DA:161,0
DA:163,0
DA:181,0
LF:52
LH:7
BRDA:45,0,0,0
BRDA:45,0,1,0
BRDA:60,1,0,0
BRDA:60,1,1,0
BRDA:70,2,0,0
BRDA:70,2,1,0
BRDA:74,3,0,0
BRDA:74,3,1,0
BRDA:87,4,0,0
BRDA:87,4,1,0
BRDA:115,5,0,0
BRDA:115,5,1,0
BRDA:175,6,0,0
BRDA:175,6,1,0
BRDA:176,7,0,0
BRDA:176,7,1,0
BRDA:177,8,0,0
BRDA:177,8,1,0
BRDA:178,9,0,0
BRDA:178,9,1,0
BRF:20
BRH:0
end_of_record
TN:
SF:src/services/wellnessService.ts
FN:5,(anonymous_1)
FNF:1
FNH:0
FNDA:0,(anonymous_1)
DA:2,1
DA:4,1
DA:9,0
DA:12,0
DA:15,0
DA:18,0
DA:22,0
DA:29,0
DA:30,0
DA:33,0
LF:10
LH:2
BRDA:29,0,0,0
BRDA:29,0,1,0
BRDA:29,1,0,0
BRDA:29,1,1,0
BRDA:29,1,2,0
BRDA:29,1,3,0
BRF:6
BRH:0
end_of_record
TN:
SF:src/utils/encryption.ts
FN:12,(anonymous_1)
FN:24,(anonymous_2)
FN:38,(anonymous_3)
FN:47,(anonymous_4)
FN:57,(anonymous_5)
FNF:5
FNH:0
FNDA:0,(anonymous_1)
FNDA:0,(anonymous_2)
FNDA:0,(anonymous_3)
FNDA:0,(anonymous_4)
FNDA:0,(anonymous_5)
DA:1,4
DA:3,4
DA:4,4
DA:6,4
DA:7,0
DA:12,4
DA:13,0
DA:14,0
DA:19,0
DA:20,0
DA:21,0
DA:24,4
DA:25,0
DA:26,0
DA:27,0
DA:28,0
DA:33,0
DA:34,0
DA:35,0
DA:38,4
DA:39,0
DA:47,4
DA:48,0
DA:57,4
DA:58,0
LF:25
LH:9
BRDA:6,0,0,0
BRDA:6,0,1,4
BRDA:6,1,0,4
BRDA:6,1,1,4
BRF:4
BRH:3
end_of_record
TN:
SF:src/utils/formatters.ts
FN:1,(anonymous_0)
FN:13,(anonymous_1)
FNF:2
FNH:2
FNDA:3,(anonymous_0)
FNDA:1,(anonymous_1)
DA:1,2
DA:2,3
DA:3,1
DA:6,2
DA:7,2
DA:8,2
DA:10,2
DA:13,2
DA:14,1
DA:15,1
DA:16,1
DA:17,1
LF:12
LH:12
BRDA:2,0,0,1
BRDA:2,0,1,2
BRF:2
BRH:2
end_of_record
TN:
SF:src/utils/mappers.ts
FN:28,(anonymous_0)
FN:38,(anonymous_1)
FN:55,(anonymous_2)
FN:75,(anonymous_3)
FN:84,(anonymous_4)
FN:94,(anonymous_5)
FN:102,(anonymous_6)
FN:110,(anonymous_7)
FNF:8
FNH:0
FNDA:0,(anonymous_0)
FNDA:0,(anonymous_1)
FNDA:0,(anonymous_2)
FNDA:0,(anonymous_3)
FNDA:0,(anonymous_4)
FNDA:0,(anonymous_5)
FNDA:0,(anonymous_6)
FNDA:0,(anonymous_7)
DA:21,1
DA:28,1
DA:29,0
DA:38,1
DA:39,0
DA:55,1
DA:56,0
DA:75,1
DA:76,0
DA:84,1
DA:87,0
DA:94,1
DA:95,0
DA:102,1
DA:103,0
DA:110,1
DA:113,0
LF:17
LH:9
BRDA:32,0,0,0
BRDA:32,0,1,0
BRDA:33,1,0,0
BRDA:33,1,1,0
BRDA:34,2,0,0
BRDA:34,2,1,0
BRDA:115,3,0,0
BRDA:115,3,1,0
BRDA:117,4,0,0
BRDA:117,4,1,0
BRDA:118,5,0,0
BRDA:118,5,1,0
BRDA:119,6,0,0
BRDA:119,6,1,0
BRF:14
BRH:0
end_of_record
TN:
SF:src/utils/tokens.ts
FN:3,(anonymous_0)
FN:7,(anonymous_1)
FNF:2
FNH:2
FNDA:1,(anonymous_0)
FNDA:2,(anonymous_1)
DA:1,4
DA:3,4
DA:4,1
DA:7,4
DA:8,2
DA:9,2
DA:11,2
LF:7
LH:7
BRF:0
BRH:0
end_of_record
